2025-12-08 18:47:28.671: my pid: 4156263
2025-12-08 18:47:28.671: model: model.general_recommender.SGL
2025-12-08 18:47:28.671: Dataset statistics:
Name: all_data
The number of users: 2809
The number of items: 45331
The number of ratings: 85936
Average actions of users: 30.59
Average actions of items: 1.90
The sparsity of the dataset: 99.932512%

The number of training: 85936
The number of validation: 0
The number of testing: 0
2025-12-08 18:47:28.671: NeuRec:[NeuRec]:
recommender=SGL
dataset=all_data
file_column=UI
sep=','
gpu_id=0
gpu_mem=0.99
metric=["Precision", "Recall", "NDCG"]
top_k=[20]
test_thread=8
test_batch_size=128
seed=2021
start_testing_epoch=0

SGL:[hyperparameters]:
aug_type=ED
reg=1e-4
embed_size=64
n_layers=3
ssl_reg=0.5
ssl_ratio=0.1
ssl_temp=0.2
ssl_mode=both_side
lr=0.001
learner=adam
adj_type=pre
epochs=50
batch_size=2048
num_negatives=1
param_init=xavier_uniform
stddev=0.01
verbose=1
stop_cnt=100
pretrain_flag=0
save_flag=0

Command line:
recommender=SGL
dataset=all_data
aug_type=ED
reg=1e-4
n_layers=3
ssl_reg=0.5
ssl_ratio=0.1
ssl_temp=0.2
2025-12-08 18:47:28.960: [Personalized Temp] Range: [0.1000, 0.5000]
2025-12-08 18:47:28.960: 
================================================================================
2025-12-08 18:47:28.960: [Interaction Degree Distribution]
2025-12-08 18:47:28.961: ================================================================================
2025-12-08 18:47:28.961:   Min       :       3.00
2025-12-08 18:47:28.961:   Max       :    1478.00
2025-12-08 18:47:28.961:   Mean      :      30.59
2025-12-08 18:47:28.961:   Median    :      16.00
2025-12-08 18:47:28.961:   Std       :      68.25
2025-12-08 18:47:28.961: 
  【Percentiles】
2025-12-08 18:47:28.961:       0%:       3.00
2025-12-08 18:47:28.961:      10%:       8.00
2025-12-08 18:47:28.961:      25%:      10.00
2025-12-08 18:47:28.961:      50%:      16.00
2025-12-08 18:47:28.962:      75%:      29.00
2025-12-08 18:47:28.962:      90%:      57.00
2025-12-08 18:47:28.962:      95%:      92.60
2025-12-08 18:47:28.962:      99%:     229.68
2025-12-08 18:47:28.962: 
  【Distribution Histogram】
2025-12-08 18:47:28.962:     [   1,    5):     72 (  2.6%) █
2025-12-08 18:47:28.962:     [   5,   10):    483 ( 17.2%) ████████
2025-12-08 18:47:28.962:     [  10,   20):   1124 ( 40.0%) ████████████████████
2025-12-08 18:47:28.962:     [  20,   50):    792 ( 28.2%) ██████████████
2025-12-08 18:47:28.962:     [  50,  100):    211 (  7.5%) ███
2025-12-08 18:47:28.962:     [ 100,  200):     92 (  3.3%) █
2025-12-08 18:47:28.962:     [ 200,  500):     24 (  0.9%) 
2025-12-08 18:47:28.962:     [ 500, 1000):      7 (  0.2%) 
