2025-12-08 22:07:42.557: my pid: 238119
2025-12-08 22:07:42.557: model: model.general_recommender.SGL
2025-12-08 22:07:42.557: Dataset statistics:
Name: all_data
The number of users: 2809
The number of items: 45331
The number of ratings: 85936
Average actions of users: 30.59
Average actions of items: 1.90
The sparsity of the dataset: 99.932512%

The number of training: 85936
The number of validation: 0
The number of testing: 0
2025-12-08 22:07:42.557: NeuRec:[NeuRec]:
recommender=SGL
dataset=all_data
file_column=UI
sep=','
gpu_id=0
gpu_mem=0.99
metric=["Precision", "Recall", "NDCG"]
top_k=[20]
test_thread=8
test_batch_size=128
seed=2021
start_testing_epoch=0

SGL:[hyperparameters]:
aug_type=ED
reg=1e-4
embed_size=64
n_layers=3
ssl_reg=0.5
ssl_ratio=0.1
ssl_temp=0.2
ssl_mode=both_side
lr=0.001
learner=adam
adj_type=pre
epochs=50
batch_size=2048
num_negatives=1
param_init=xavier_uniform
stddev=0.01
verbose=1
stop_cnt=100
pretrain_flag=0
save_flag=0

Command line:
recommender=SGL
dataset=all_data
aug_type=ED
reg=1e-4
n_layers=3
ssl_reg=0.5
ssl_ratio=0.1
ssl_temp=0.2
2025-12-08 22:08:35.792: [iter 1 : loss = 457217.8125, bpr = 59500.8984, reg = 0.2201, time = 52.3721]
2025-12-08 22:09:27.680: [iter 2 : loss = 452946.6250, bpr = 59462.6445, reg = 0.2370, time = 51.7245]
2025-12-08 22:10:19.566: [iter 3 : loss = 450853.0625, bpr = 59426.9883, reg = 0.2520, time = 51.7120]
2025-12-08 22:11:11.684: [iter 4 : loss = 449697.4375, bpr = 59397.8672, reg = 0.2639, time = 51.9326]
2025-12-08 22:12:03.441: [iter 5 : loss = 448736.7812, bpr = 59372.3398, reg = 0.2742, time = 51.5880]
2025-12-08 22:12:55.078: [iter 6 : loss = 448271.3125, bpr = 59352.2109, reg = 0.2840, time = 51.4777]
2025-12-08 22:13:46.773: [iter 7 : loss = 447917.2812, bpr = 59332.9609, reg = 0.2942, time = 51.5370]
2025-12-08 22:14:38.440: [iter 8 : loss = 447512.0625, bpr = 59313.1602, reg = 0.3056, time = 51.5097]
2025-12-08 22:15:30.051: [iter 9 : loss = 447278.3438, bpr = 59294.3438, reg = 0.3181, time = 51.4528]
2025-12-08 22:16:21.950: [iter 10 : loss = 447212.5312, bpr = 59274.1172, reg = 0.3317, time = 51.7407]
2025-12-08 22:17:13.397: [iter 11 : loss = 447047.2500, bpr = 59257.4375, reg = 0.3448, time = 51.2883]
2025-12-08 22:18:04.872: [iter 12 : loss = 446745.5625, bpr = 59237.5469, reg = 0.3600, time = 51.3166]
2025-12-08 22:18:56.304: [iter 13 : loss = 446653.7500, bpr = 59218.9180, reg = 0.3749, time = 51.2677]
2025-12-08 22:19:47.763: [iter 14 : loss = 446521.6250, bpr = 59197.2695, reg = 0.3916, time = 51.3015]
2025-12-08 22:20:39.210: [iter 15 : loss = 446456.1562, bpr = 59176.9727, reg = 0.4082, time = 51.2863]
2025-12-08 22:21:30.754: [iter 16 : loss = 446416.1562, bpr = 59154.7656, reg = 0.4274, time = 51.3850]
2025-12-08 22:22:22.167: [iter 17 : loss = 446297.6562, bpr = 59127.7461, reg = 0.4467, time = 51.2493]
2025-12-08 22:23:13.640: [iter 18 : loss = 446157.6562, bpr = 59098.4609, reg = 0.4656, time = 51.3134]
2025-12-08 22:24:05.198: [iter 19 : loss = 446100.7812, bpr = 59069.5195, reg = 0.4895, time = 51.3929]
2025-12-08 22:24:56.929: [iter 20 : loss = 445964.5625, bpr = 59030.8359, reg = 0.5154, time = 51.5746]
2025-12-08 22:25:48.438: [iter 21 : loss = 445989.5000, bpr = 59001.0664, reg = 0.5372, time = 51.3490]
2025-12-08 22:26:39.958: [iter 22 : loss = 446006.7188, bpr = 58962.3320, reg = 0.5644, time = 51.3634]
2025-12-08 22:27:31.420: [iter 23 : loss = 445822.0312, bpr = 58913.3516, reg = 0.5966, time = 51.3027]
2025-12-08 22:28:22.984: [iter 24 : loss = 445790.7500, bpr = 58877.1914, reg = 0.6232, time = 51.4063]
2025-12-08 22:29:14.454: [iter 25 : loss = 445592.5000, bpr = 58809.2969, reg = 0.6647, time = 51.3137]
2025-12-08 22:30:05.986: [iter 26 : loss = 445598.5000, bpr = 58774.9688, reg = 0.6929, time = 51.3760]
2025-12-08 22:30:57.476: [iter 27 : loss = 445553.7188, bpr = 58708.7578, reg = 0.7329, time = 51.3288]
2025-12-08 22:31:49.016: [iter 28 : loss = 445317.1875, bpr = 58670.2617, reg = 0.7667, time = 51.3842]
2025-12-08 22:32:40.541: [iter 29 : loss = 445266.6562, bpr = 58584.4180, reg = 0.8143, time = 51.3674]
2025-12-08 22:33:32.115: [iter 30 : loss = 445232.7500, bpr = 58503.7461, reg = 0.8660, time = 51.4157]
2025-12-08 22:34:23.602: [iter 31 : loss = 445249.0625, bpr = 58444.1406, reg = 0.9111, time = 51.3295]
2025-12-08 22:35:14.847: [iter 32 : loss = 445039.3438, bpr = 58335.4102, reg = 0.9725, time = 51.0867]
2025-12-08 22:36:06.376: [iter 33 : loss = 444954.0000, bpr = 58276.3984, reg = 1.0173, time = 51.3696]
2025-12-08 22:36:57.970: [iter 34 : loss = 444801.4375, bpr = 58140.2617, reg = 1.1005, time = 51.4374]
2025-12-08 22:37:49.466: [iter 35 : loss = 444786.5938, bpr = 58050.4180, reg = 1.1627, time = 51.3357]
2025-12-08 22:38:41.008: [iter 36 : loss = 444668.4062, bpr = 57928.4844, reg = 1.2436, time = 51.3824]
2025-12-08 22:39:32.447: [iter 37 : loss = 444543.0625, bpr = 57814.2109, reg = 1.3176, time = 51.2796]
2025-12-08 22:40:23.991: [iter 38 : loss = 444308.9688, bpr = 57623.0156, reg = 1.4367, time = 51.3886]
2025-12-08 22:41:15.614: [iter 39 : loss = 444395.8438, bpr = 57501.7422, reg = 1.5206, time = 51.4662]
2025-12-08 22:42:07.131: [iter 40 : loss = 444051.1875, bpr = 57325.1211, reg = 1.6280, time = 51.3571]
2025-12-08 22:42:59.521: [iter 41 : loss = 443951.5938, bpr = 57104.2734, reg = 1.7769, time = 52.2340]
2025-12-08 22:43:52.387: [iter 42 : loss = 443804.7188, bpr = 56951.1055, reg = 1.8940, time = 52.7035]
2025-12-08 22:44:44.649: [iter 43 : loss = 443499.8750, bpr = 56751.0781, reg = 2.0273, time = 52.1006]
2025-12-08 22:45:36.924: [iter 44 : loss = 443379.6250, bpr = 56509.3906, reg = 2.1799, time = 52.1132]
2025-12-08 22:46:29.206: [iter 45 : loss = 443165.8438, bpr = 56263.4023, reg = 2.3599, time = 52.1198]
2025-12-08 22:47:22.154: [iter 46 : loss = 442906.1875, bpr = 56024.8516, reg = 2.5362, time = 52.7837]
2025-12-08 22:48:15.112: [iter 47 : loss = 442665.1875, bpr = 55692.1875, reg = 2.7559, time = 52.7544]
2025-12-08 22:49:07.486: [iter 48 : loss = 442322.5312, bpr = 55404.6133, reg = 2.9791, time = 52.2107]
2025-12-08 22:49:59.465: [iter 49 : loss = 442086.3125, bpr = 55131.8555, reg = 3.1631, time = 51.8154]
2025-12-08 22:50:51.862: [iter 50 : loss = 441781.7500, bpr = 54786.1680, reg = 3.4244, time = 52.2344]
2025-12-08 22:50:51.863: best_result@epoch 0:

2025-12-08 22:50:51.863: training finished without evaluation
2025-12-08 22:50:51.909: export_final_embeddings done: /mnt/sda1/sherry/BiGNAS/SGL-BiGNAS-new/SGL-Torch/dataset/all_data/pretrain-embeddings/SGL/final/
