2025-12-09 00:16:19.071: my pid: 498486
2025-12-09 00:16:19.071: model: model.general_recommender.SGL
2025-12-09 00:16:19.071: Dataset statistics:
Name: all_data
The number of users: 2809
The number of items: 45331
The number of ratings: 85936
Average actions of users: 30.59
Average actions of items: 1.90
The sparsity of the dataset: 99.932512%

The number of training: 85936
The number of validation: 0
The number of testing: 0
2025-12-09 00:16:19.071: NeuRec:[NeuRec]:
recommender=SGL
dataset=all_data
file_column=UI
sep=','
gpu_id=0
gpu_mem=0.99
metric=["Precision", "Recall", "NDCG"]
top_k=[20]
test_thread=8
test_batch_size=128
seed=2021
start_testing_epoch=0

SGL:[hyperparameters]:
aug_type=ED
reg=1e-4
embed_size=64
n_layers=3
ssl_reg=0.5
ssl_ratio=0.1
ssl_temp=0.2
ssl_mode=both_side
lr=0.001
learner=adam
adj_type=pre
epochs=250
batch_size=2048
num_negatives=1
param_init=xavier_uniform
stddev=0.01
verbose=1
stop_cnt=100
pretrain_flag=0
save_flag=0

Command line:
recommender=SGL
dataset=all_data
aug_type=ED
reg=1e-4
n_layers=3
ssl_reg=0.5
ssl_ratio=0.1
ssl_temp=0.2
2025-12-09 00:16:21.902: [iter 1 : loss = 457504.9062, bpr = 59500.9062, reg = 0.2201, time = 1.9513]
2025-12-09 00:16:23.626: [iter 2 : loss = 453233.8438, bpr = 59462.6523, reg = 0.2370, time = 1.7215]
2025-12-09 00:16:25.260: [iter 3 : loss = 451140.6562, bpr = 59426.9961, reg = 0.2520, time = 1.6315]
2025-12-09 00:16:26.867: [iter 4 : loss = 449984.4688, bpr = 59397.8828, reg = 0.2639, time = 1.6057]
2025-12-09 00:16:28.515: [iter 5 : loss = 449024.4062, bpr = 59372.3672, reg = 0.2741, time = 1.6467]
2025-12-09 00:16:30.102: [iter 6 : loss = 448559.5625, bpr = 59352.2539, reg = 0.2840, time = 1.5862]
2025-12-09 00:16:31.760: [iter 7 : loss = 448204.6562, bpr = 59333.0078, reg = 0.2941, time = 1.6565]
2025-12-09 00:16:33.404: [iter 8 : loss = 447799.6875, bpr = 59313.2109, reg = 0.3055, time = 1.6436]
2025-12-09 00:16:34.994: [iter 9 : loss = 447566.0312, bpr = 59294.3906, reg = 0.3180, time = 1.5878]
2025-12-09 00:16:36.689: [iter 10 : loss = 447500.3750, bpr = 59274.1602, reg = 0.3316, time = 1.6941]
2025-12-09 00:16:38.301: [iter 11 : loss = 447335.3750, bpr = 59257.5039, reg = 0.3447, time = 1.6105]
2025-12-09 00:16:39.961: [iter 12 : loss = 447033.4688, bpr = 59237.6016, reg = 0.3599, time = 1.6585]
2025-12-09 00:16:41.565: [iter 13 : loss = 446942.0000, bpr = 59218.9727, reg = 0.3748, time = 1.6032]
2025-12-09 00:16:43.242: [iter 14 : loss = 446810.0000, bpr = 59197.3320, reg = 0.3915, time = 1.6755]
2025-12-09 00:16:44.905: [iter 15 : loss = 446745.0312, bpr = 59177.0625, reg = 0.4081, time = 1.6621]
2025-12-09 00:16:46.507: [iter 16 : loss = 446704.8125, bpr = 59154.8438, reg = 0.4272, time = 1.6005]
2025-12-09 00:16:48.192: [iter 17 : loss = 446586.3438, bpr = 59127.8281, reg = 0.4466, time = 1.6837]
2025-12-09 00:16:49.792: [iter 18 : loss = 446446.0938, bpr = 59098.5312, reg = 0.4654, time = 1.5986]
2025-12-09 00:16:51.465: [iter 19 : loss = 446389.6562, bpr = 59069.6133, reg = 0.4894, time = 1.6710]
2025-12-09 00:16:53.125: [iter 20 : loss = 446253.5000, bpr = 59030.9180, reg = 0.5153, time = 1.6593]
2025-12-09 00:16:54.737: [iter 21 : loss = 446278.2188, bpr = 59001.1602, reg = 0.5371, time = 1.6102]
2025-12-09 00:16:56.420: [iter 22 : loss = 446295.4688, bpr = 58962.4258, reg = 0.5642, time = 1.6816]
2025-12-09 00:16:58.029: [iter 23 : loss = 446111.5000, bpr = 58913.4727, reg = 0.5964, time = 1.6076]
2025-12-09 00:16:59.701: [iter 24 : loss = 446079.6250, bpr = 58877.3164, reg = 0.6230, time = 1.6710]
2025-12-09 00:17:01.304: [iter 25 : loss = 445882.1250, bpr = 58809.4297, reg = 0.6646, time = 1.6017]
2025-12-09 00:17:02.968: [iter 26 : loss = 445887.7812, bpr = 58775.1211, reg = 0.6927, time = 1.6623]
2025-12-09 00:17:04.632: [iter 27 : loss = 445843.4062, bpr = 58708.8516, reg = 0.7328, time = 1.6619]
2025-12-09 00:17:06.229: [iter 28 : loss = 445606.3125, bpr = 58670.4375, reg = 0.7665, time = 1.5961]
2025-12-09 00:17:07.902: [iter 29 : loss = 445555.5625, bpr = 58584.5508, reg = 0.8141, time = 1.6709]
2025-12-09 00:17:09.505: [iter 30 : loss = 445522.2188, bpr = 58503.8477, reg = 0.8658, time = 1.6022]
2025-12-09 00:17:11.163: [iter 31 : loss = 445538.7188, bpr = 58444.2383, reg = 0.9109, time = 1.6567]
2025-12-09 00:17:12.837: [iter 32 : loss = 445328.8125, bpr = 58335.4727, reg = 0.9723, time = 1.6728]
2025-12-09 00:17:14.407: [iter 33 : loss = 445243.5000, bpr = 58276.5234, reg = 1.0170, time = 1.5675]
2025-12-09 00:17:16.070: [iter 34 : loss = 445090.1875, bpr = 58140.3828, reg = 1.1002, time = 1.6617]
2025-12-09 00:17:17.670: [iter 35 : loss = 445076.2188, bpr = 58050.5508, reg = 1.1625, time = 1.5987]
2025-12-09 00:17:19.300: [iter 36 : loss = 444958.0312, bpr = 57928.7070, reg = 1.2432, time = 1.6286]
2025-12-09 00:17:20.867: [iter 37 : loss = 444832.5938, bpr = 57814.2812, reg = 1.3174, time = 1.5651]
2025-12-09 00:17:22.538: [iter 38 : loss = 444598.0000, bpr = 57623.1758, reg = 1.4364, time = 1.6694]
2025-12-09 00:17:24.185: [iter 39 : loss = 444685.6875, bpr = 57502.0078, reg = 1.5202, time = 1.6466]
2025-12-09 00:17:25.787: [iter 40 : loss = 444341.1875, bpr = 57325.2969, reg = 1.6277, time = 1.6001]
2025-12-09 00:17:27.459: [iter 41 : loss = 444241.2500, bpr = 57104.5078, reg = 1.7765, time = 1.6703]
2025-12-09 00:17:29.071: [iter 42 : loss = 444094.3438, bpr = 56951.2695, reg = 1.8937, time = 1.6104]
2025-12-09 00:17:30.742: [iter 43 : loss = 443789.0938, bpr = 56750.9883, reg = 2.0271, time = 1.6696]
2025-12-09 00:17:32.348: [iter 44 : loss = 443669.0000, bpr = 56509.5312, reg = 2.1796, time = 1.6036]
2025-12-09 00:17:34.015: [iter 45 : loss = 443455.0625, bpr = 56263.3789, reg = 2.3596, time = 1.6659]
2025-12-09 00:17:35.679: [iter 46 : loss = 443195.4688, bpr = 56024.6875, reg = 2.5359, time = 1.6626]
2025-12-09 00:17:37.272: [iter 47 : loss = 442954.3750, bpr = 55691.9062, reg = 2.7556, time = 1.5919]
2025-12-09 00:17:38.940: [iter 48 : loss = 442611.4375, bpr = 55404.2344, reg = 2.9788, time = 1.6664]
2025-12-09 00:17:40.552: [iter 49 : loss = 442375.0938, bpr = 55131.2305, reg = 3.1630, time = 1.6104]
2025-12-09 00:17:42.225: [iter 50 : loss = 442071.6250, bpr = 54785.7227, reg = 3.4243, time = 1.6721]
2025-12-09 00:17:43.840: [iter 51 : loss = 441648.7500, bpr = 54438.3984, reg = 3.6918, time = 1.6138]
2025-12-09 00:17:45.519: [iter 52 : loss = 441388.0625, bpr = 53996.4648, reg = 4.0301, time = 1.6772]
2025-12-09 00:17:47.208: [iter 53 : loss = 440892.6875, bpr = 53541.0898, reg = 4.3841, time = 1.6869]
2025-12-09 00:17:48.821: [iter 54 : loss = 440581.9062, bpr = 53132.1758, reg = 4.7276, time = 1.6110]
2025-12-09 00:17:50.489: [iter 55 : loss = 440136.7188, bpr = 52645.1328, reg = 5.0880, time = 1.6668]
2025-12-09 00:17:52.092: [iter 56 : loss = 439717.0625, bpr = 52133.7500, reg = 5.5200, time = 1.6014]
2025-12-09 00:17:53.765: [iter 57 : loss = 439256.8438, bpr = 51628.1602, reg = 5.9189, time = 1.6715]
2025-12-09 00:17:55.442: [iter 58 : loss = 438601.6250, bpr = 50948.8906, reg = 6.4865, time = 1.6753]
2025-12-09 00:17:57.067: [iter 59 : loss = 438060.1875, bpr = 50362.5156, reg = 6.9999, time = 1.6236]
2025-12-09 00:17:58.757: [iter 60 : loss = 437629.1562, bpr = 49911.8164, reg = 7.4028, time = 1.6879]
2025-12-09 00:18:00.378: [iter 61 : loss = 436900.3125, bpr = 49076.4648, reg = 8.0909, time = 1.6190]
2025-12-09 00:18:02.096: [iter 62 : loss = 436191.7188, bpr = 48366.2188, reg = 8.7264, time = 1.7171]
2025-12-09 00:18:03.716: [iter 63 : loss = 435437.0312, bpr = 47534.8438, reg = 9.4684, time = 1.6183]
2025-12-09 00:18:05.396: [iter 64 : loss = 434724.1562, bpr = 46824.0742, reg = 10.1389, time = 1.6781]
2025-12-09 00:18:07.080: [iter 65 : loss = 433910.9062, bpr = 45938.6562, reg = 10.9644, time = 1.6827]
2025-12-09 00:18:08.677: [iter 66 : loss = 433159.5938, bpr = 45074.8438, reg = 11.8196, time = 1.5959]
2025-12-09 00:18:10.359: [iter 67 : loss = 432220.6250, bpr = 44198.5195, reg = 12.7290, time = 1.6797]
2025-12-09 00:18:11.977: [iter 68 : loss = 431493.5625, bpr = 43359.2266, reg = 13.5824, time = 1.6164]
2025-12-09 00:18:13.644: [iter 69 : loss = 430414.5312, bpr = 42253.4727, reg = 14.7075, time = 1.6658]
2025-12-09 00:18:15.264: [iter 70 : loss = 429478.7188, bpr = 41208.0039, reg = 15.7790, time = 1.6188]
2025-12-09 00:18:16.950: [iter 71 : loss = 428721.6875, bpr = 40242.3555, reg = 16.8852, time = 1.6843]
2025-12-09 00:18:18.591: [iter 72 : loss = 427539.6250, bpr = 39083.7539, reg = 18.2052, time = 1.6397]
2025-12-09 00:18:20.200: [iter 73 : loss = 426501.4375, bpr = 38023.9727, reg = 19.4164, time = 1.6079]
2025-12-09 00:18:21.911: [iter 74 : loss = 425374.6250, bpr = 36913.3047, reg = 20.7972, time = 1.7088]
2025-12-09 00:18:23.488: [iter 75 : loss = 424527.9688, bpr = 35934.7812, reg = 22.1174, time = 1.5755]
2025-12-09 00:18:25.147: [iter 76 : loss = 423468.3750, bpr = 34877.7695, reg = 23.6004, time = 1.6572]
2025-12-09 00:18:26.730: [iter 77 : loss = 422564.8125, bpr = 33836.1250, reg = 24.8877, time = 1.5810]
2025-12-09 00:18:28.363: [iter 78 : loss = 421475.2188, bpr = 32776.6172, reg = 26.4385, time = 1.6318]
2025-12-09 00:18:30.003: [iter 79 : loss = 420363.4375, bpr = 31633.0098, reg = 28.0803, time = 1.6377]
2025-12-09 00:18:31.562: [iter 80 : loss = 419457.1875, bpr = 30566.1641, reg = 29.6896, time = 1.5580]
2025-12-09 00:18:33.234: [iter 81 : loss = 418403.3438, bpr = 29557.8652, reg = 31.3398, time = 1.6703]
2025-12-09 00:18:34.844: [iter 82 : loss = 417561.6875, bpr = 28601.5938, reg = 32.9867, time = 1.6090]
2025-12-09 00:18:36.549: [iter 83 : loss = 416588.2500, bpr = 27651.6816, reg = 34.6536, time = 1.7032]
2025-12-09 00:18:38.233: [iter 84 : loss = 415636.7188, bpr = 26595.8809, reg = 36.4883, time = 1.6816]
2025-12-09 00:18:39.845: [iter 85 : loss = 414615.0938, bpr = 25611.2246, reg = 38.2512, time = 1.6111]
2025-12-09 00:18:41.491: [iter 86 : loss = 413881.5000, bpr = 24724.6367, reg = 40.0230, time = 1.6436]
2025-12-09 00:18:43.099: [iter 87 : loss = 412989.6562, bpr = 23976.5625, reg = 41.7299, time = 1.6067]
2025-12-09 00:18:44.751: [iter 88 : loss = 412251.9062, bpr = 23138.4219, reg = 43.6428, time = 1.6502]
2025-12-09 00:18:46.361: [iter 89 : loss = 411214.4375, bpr = 22169.7656, reg = 45.5160, time = 1.6085]
2025-12-09 00:18:48.041: [iter 90 : loss = 410651.8750, bpr = 21451.7207, reg = 47.3226, time = 1.6781]
2025-12-09 00:18:49.702: [iter 91 : loss = 410052.5938, bpr = 20733.1035, reg = 49.1444, time = 1.6602]
2025-12-09 00:18:51.298: [iter 92 : loss = 409306.0000, bpr = 20025.2480, reg = 50.8793, time = 1.5942]
2025-12-09 00:18:52.973: [iter 93 : loss = 408569.5312, bpr = 19345.8379, reg = 52.8202, time = 1.6744]
2025-12-09 00:18:54.588: [iter 94 : loss = 407981.3750, bpr = 18649.1836, reg = 54.5812, time = 1.6130]
2025-12-09 00:18:56.249: [iter 95 : loss = 407063.0625, bpr = 17817.9844, reg = 56.6571, time = 1.6597]
2025-12-09 00:18:57.918: [iter 96 : loss = 406503.1250, bpr = 17256.4043, reg = 58.4834, time = 1.6682]
2025-12-09 00:18:59.536: [iter 97 : loss = 405940.6875, bpr = 16607.5254, reg = 60.3372, time = 1.6156]
2025-12-09 00:19:01.204: [iter 98 : loss = 405405.8750, bpr = 15994.4824, reg = 62.2772, time = 1.6666]
2025-12-09 00:19:02.863: [iter 99 : loss = 404950.5938, bpr = 15455.3350, reg = 63.8905, time = 1.6575]
2025-12-09 00:19:04.555: [iter 100 : loss = 404164.8438, bpr = 14813.6230, reg = 65.8511, time = 1.6899]
2025-12-09 00:19:06.167: [iter 101 : loss = 403761.5000, bpr = 14330.9648, reg = 67.7251, time = 1.6107]
2025-12-09 00:19:07.883: [iter 102 : loss = 403304.0000, bpr = 13856.8955, reg = 69.5457, time = 1.7143]
2025-12-09 00:19:09.574: [iter 103 : loss = 402652.8438, bpr = 13214.8926, reg = 71.5760, time = 1.6889]
2025-12-09 00:19:11.181: [iter 104 : loss = 402335.7812, bpr = 12713.8936, reg = 73.1772, time = 1.6048]
2025-12-09 00:19:12.895: [iter 105 : loss = 401799.4375, bpr = 12215.4287, reg = 75.1462, time = 1.7123]
2025-12-09 00:19:14.519: [iter 106 : loss = 401408.1562, bpr = 11776.4951, reg = 76.8721, time = 1.6230]
2025-12-09 00:19:16.178: [iter 107 : loss = 400992.3750, bpr = 11351.4023, reg = 78.8160, time = 1.6572]
2025-12-09 00:19:17.840: [iter 108 : loss = 400472.9688, bpr = 10911.3877, reg = 80.5504, time = 1.6608]
2025-12-09 00:19:19.434: [iter 109 : loss = 400148.8125, bpr = 10549.8145, reg = 82.2694, time = 1.5921]
2025-12-09 00:19:21.093: [iter 110 : loss = 399705.1562, bpr = 10125.8828, reg = 84.2722, time = 1.6579]
2025-12-09 00:19:22.693: [iter 111 : loss = 399378.9688, bpr = 9753.2842, reg = 85.8497, time = 1.5977]
2025-12-09 00:19:24.360: [iter 112 : loss = 399026.9688, bpr = 9303.8223, reg = 87.6814, time = 1.6659]
2025-12-09 00:19:25.973: [iter 113 : loss = 398531.4375, bpr = 8939.4502, reg = 89.5446, time = 1.6115]
2025-12-09 00:19:27.657: [iter 114 : loss = 398276.2812, bpr = 8651.7236, reg = 91.1963, time = 1.6829]
2025-12-09 00:19:29.372: [iter 115 : loss = 397891.0000, bpr = 8273.1533, reg = 93.2072, time = 1.7139]
2025-12-09 00:19:31.019: [iter 116 : loss = 397566.2500, bpr = 7989.2671, reg = 94.7202, time = 1.6456]
2025-12-09 00:19:32.785: [iter 117 : loss = 397436.2812, bpr = 7770.0259, reg = 96.3875, time = 1.7639]
2025-12-09 00:19:34.393: [iter 118 : loss = 396980.8750, bpr = 7303.0771, reg = 98.2022, time = 1.6059]
2025-12-09 00:19:36.123: [iter 119 : loss = 396745.8438, bpr = 7101.0059, reg = 99.6828, time = 1.7286]
2025-12-09 00:19:37.744: [iter 120 : loss = 396412.5625, bpr = 6809.8828, reg = 101.5110, time = 1.6192]
2025-12-09 00:19:39.413: [iter 121 : loss = 396251.0625, bpr = 6615.1670, reg = 103.0356, time = 1.6674]
2025-12-09 00:19:41.210: [iter 122 : loss = 395978.5312, bpr = 6312.4209, reg = 104.6590, time = 1.7954]
2025-12-09 00:19:42.892: [iter 123 : loss = 395823.0625, bpr = 6158.5815, reg = 106.1811, time = 1.6798]
2025-12-09 00:19:44.583: [iter 124 : loss = 395549.7500, bpr = 5907.0752, reg = 107.9239, time = 1.6897]
2025-12-09 00:19:46.208: [iter 125 : loss = 395511.0312, bpr = 5756.7725, reg = 109.3981, time = 1.6225]
2025-12-09 00:19:47.897: [iter 126 : loss = 395152.7500, bpr = 5560.1460, reg = 110.8061, time = 1.6872]
2025-12-09 00:19:49.585: [iter 127 : loss = 394947.1562, bpr = 5305.0713, reg = 112.4136, time = 1.6864]
2025-12-09 00:19:51.267: [iter 128 : loss = 394853.7812, bpr = 5149.7266, reg = 113.8093, time = 1.6807]
2025-12-09 00:19:53.004: [iter 129 : loss = 394742.9062, bpr = 5002.0591, reg = 115.2748, time = 1.7348]
2025-12-09 00:19:54.627: [iter 130 : loss = 394502.3750, bpr = 4803.8452, reg = 116.6820, time = 1.6216]
2025-12-09 00:19:56.343: [iter 131 : loss = 394144.2812, bpr = 4592.0020, reg = 118.5598, time = 1.7139]
2025-12-09 00:19:57.989: [iter 132 : loss = 394248.1875, bpr = 4557.6597, reg = 119.7353, time = 1.6435]
2025-12-09 00:19:59.625: [iter 133 : loss = 394145.4062, bpr = 4424.3833, reg = 121.0304, time = 1.6343]
2025-12-09 00:20:01.297: [iter 134 : loss = 393872.4688, bpr = 4267.1768, reg = 122.4392, time = 1.6706]
2025-12-09 00:20:02.918: [iter 135 : loss = 393648.0312, bpr = 4069.3271, reg = 123.6996, time = 1.6194]
2025-12-09 00:20:04.565: [iter 136 : loss = 393724.2500, bpr = 4049.6953, reg = 125.1707, time = 1.6457]
2025-12-09 00:20:06.181: [iter 137 : loss = 393396.4688, bpr = 3839.9487, reg = 126.5507, time = 1.6133]
2025-12-09 00:20:07.843: [iter 138 : loss = 393289.0312, bpr = 3719.7246, reg = 127.8305, time = 1.6601]
2025-12-09 00:20:09.418: [iter 139 : loss = 393255.0000, bpr = 3693.5620, reg = 129.0327, time = 1.5731]
2025-12-09 00:20:11.129: [iter 140 : loss = 393066.7188, bpr = 3556.0134, reg = 130.7024, time = 1.7094]
2025-12-09 00:20:12.776: [iter 141 : loss = 392964.3438, bpr = 3405.6003, reg = 131.7881, time = 1.6453]
2025-12-09 00:20:14.334: [iter 142 : loss = 392902.6250, bpr = 3336.9602, reg = 133.1605, time = 1.5568]
2025-12-09 00:20:15.974: [iter 143 : loss = 392961.8750, bpr = 3299.8667, reg = 134.0870, time = 1.6381]
2025-12-09 00:20:17.552: [iter 144 : loss = 392674.7500, bpr = 3165.5205, reg = 135.6346, time = 1.5767]
2025-12-09 00:20:19.199: [iter 145 : loss = 392503.2188, bpr = 3067.1606, reg = 137.0305, time = 1.6454]
2025-12-09 00:20:20.793: [iter 146 : loss = 392410.6250, bpr = 2975.9172, reg = 138.0599, time = 1.5922]
2025-12-09 00:20:22.450: [iter 147 : loss = 392384.6562, bpr = 2941.0063, reg = 139.5723, time = 1.6559]
2025-12-09 00:20:24.126: [iter 148 : loss = 392356.5000, bpr = 2889.7761, reg = 140.2901, time = 1.6738]
2025-12-09 00:20:25.728: [iter 149 : loss = 392197.0938, bpr = 2776.9451, reg = 141.6801, time = 1.6005]
2025-12-09 00:20:27.340: [iter 150 : loss = 392190.5312, bpr = 2733.4182, reg = 142.8746, time = 1.6106]
2025-12-09 00:20:28.883: [iter 151 : loss = 392063.6250, bpr = 2654.7351, reg = 144.0061, time = 1.5422]
2025-12-09 00:20:30.532: [iter 152 : loss = 391988.5312, bpr = 2559.9014, reg = 145.0870, time = 1.6475]
2025-12-09 00:20:32.104: [iter 153 : loss = 391896.1250, bpr = 2552.3494, reg = 146.1721, time = 1.5704]
2025-12-09 00:20:33.750: [iter 154 : loss = 391939.8750, bpr = 2519.2000, reg = 147.2359, time = 1.6446]
2025-12-09 00:20:35.398: [iter 155 : loss = 391807.7500, bpr = 2439.3857, reg = 148.3652, time = 1.6459]
2025-12-09 00:20:36.977: [iter 156 : loss = 391661.6875, bpr = 2325.0745, reg = 149.5509, time = 1.5771]
2025-12-09 00:20:38.624: [iter 157 : loss = 391710.0625, bpr = 2326.9988, reg = 150.3785, time = 1.6454]
2025-12-09 00:20:40.192: [iter 158 : loss = 391566.3438, bpr = 2244.3469, reg = 151.3632, time = 1.5664]
2025-12-09 00:20:41.829: [iter 159 : loss = 391416.3125, bpr = 2164.4355, reg = 152.4705, time = 1.6356]
2025-12-09 00:20:43.470: [iter 160 : loss = 391360.9375, bpr = 2163.5601, reg = 154.0991, time = 1.6392]
2025-12-09 00:20:45.023: [iter 161 : loss = 391312.3438, bpr = 2081.0063, reg = 154.9001, time = 1.5524]
2025-12-09 00:20:46.726: [iter 162 : loss = 391295.0000, bpr = 2034.4988, reg = 155.7953, time = 1.7012]
2025-12-09 00:20:48.364: [iter 163 : loss = 391302.9062, bpr = 2040.2048, reg = 156.9148, time = 1.6366]
2025-12-09 00:20:49.974: [iter 164 : loss = 391192.7188, bpr = 1974.2169, reg = 158.0867, time = 1.6088]
2025-12-09 00:20:51.595: [iter 165 : loss = 391182.0625, bpr = 1919.1122, reg = 159.0732, time = 1.6203]
2025-12-09 00:20:53.297: [iter 166 : loss = 390992.4062, bpr = 1900.0503, reg = 159.8384, time = 1.7006]
2025-12-09 00:20:54.994: [iter 167 : loss = 391101.8125, bpr = 1870.9855, reg = 160.5533, time = 1.6953]
2025-12-09 00:20:56.633: [iter 168 : loss = 390929.1562, bpr = 1809.5831, reg = 161.7153, time = 1.6370]
2025-12-09 00:20:58.334: [iter 169 : loss = 390930.9375, bpr = 1766.6194, reg = 162.6528, time = 1.6995]
2025-12-09 00:20:59.939: [iter 170 : loss = 390915.9375, bpr = 1760.5018, reg = 163.3872, time = 1.6039]
2025-12-09 00:21:01.622: [iter 171 : loss = 390829.9688, bpr = 1763.5723, reg = 164.7673, time = 1.6815]
2025-12-09 00:21:03.320: [iter 172 : loss = 390802.7188, bpr = 1732.4325, reg = 165.5023, time = 1.6955]
2025-12-09 00:21:04.931: [iter 173 : loss = 390813.0938, bpr = 1672.1531, reg = 166.4111, time = 1.6095]
2025-12-09 00:21:06.591: [iter 174 : loss = 390628.8750, bpr = 1625.9988, reg = 167.5851, time = 1.6591]
2025-12-09 00:21:08.249: [iter 175 : loss = 390767.6875, bpr = 1624.6741, reg = 167.9708, time = 1.6557]
2025-12-09 00:21:09.943: [iter 176 : loss = 390696.4062, bpr = 1574.2031, reg = 169.6477, time = 1.6923]
2025-12-09 00:21:11.512: [iter 177 : loss = 390689.7812, bpr = 1557.0454, reg = 170.1039, time = 1.5673]
2025-12-09 00:21:13.206: [iter 178 : loss = 390459.9688, bpr = 1502.9294, reg = 170.8769, time = 1.6928]
2025-12-09 00:21:14.905: [iter 179 : loss = 390458.6250, bpr = 1479.6658, reg = 172.2025, time = 1.6979]
2025-12-09 00:21:16.533: [iter 180 : loss = 390419.2812, bpr = 1454.4777, reg = 172.9609, time = 1.6261]
2025-12-09 00:21:18.228: [iter 181 : loss = 390462.2500, bpr = 1457.3667, reg = 173.5126, time = 1.6932]
2025-12-09 00:21:19.855: [iter 182 : loss = 390419.7188, bpr = 1413.6211, reg = 174.2561, time = 1.6261]
2025-12-09 00:21:21.548: [iter 183 : loss = 390346.8750, bpr = 1410.0693, reg = 175.0516, time = 1.6911]
2025-12-09 00:21:23.241: [iter 184 : loss = 390279.4688, bpr = 1360.9788, reg = 176.4637, time = 1.6915]
2025-12-09 00:21:24.793: [iter 185 : loss = 390284.5938, bpr = 1339.2174, reg = 176.5838, time = 1.5507]
2025-12-09 00:21:26.473: [iter 186 : loss = 390199.8125, bpr = 1308.5803, reg = 178.1346, time = 1.6779]
2025-12-09 00:21:28.084: [iter 187 : loss = 390109.0312, bpr = 1307.0569, reg = 178.8296, time = 1.6090]
2025-12-09 00:21:29.767: [iter 188 : loss = 390112.4062, bpr = 1274.3541, reg = 179.5238, time = 1.6818]
2025-12-09 00:21:31.411: [iter 189 : loss = 390117.8125, bpr = 1254.8243, reg = 180.4804, time = 1.6425]
2025-12-09 00:21:33.135: [iter 190 : loss = 390103.5938, bpr = 1245.5214, reg = 181.1844, time = 1.7227]
2025-12-09 00:21:34.817: [iter 191 : loss = 389942.3438, bpr = 1187.9055, reg = 181.7744, time = 1.6803]
2025-12-09 00:21:36.417: [iter 192 : loss = 390005.5938, bpr = 1191.9069, reg = 182.9199, time = 1.5985]
2025-12-09 00:21:38.096: [iter 193 : loss = 389884.4688, bpr = 1178.6155, reg = 183.8689, time = 1.6776]
2025-12-09 00:21:39.722: [iter 194 : loss = 389901.4375, bpr = 1144.9274, reg = 184.5367, time = 1.6238]
2025-12-09 00:21:41.403: [iter 195 : loss = 389885.6875, bpr = 1163.9866, reg = 185.2936, time = 1.6807]
2025-12-09 00:21:43.031: [iter 196 : loss = 389879.5312, bpr = 1152.5133, reg = 186.1287, time = 1.6256]
2025-12-09 00:21:44.690: [iter 197 : loss = 389805.8125, bpr = 1103.7299, reg = 186.8280, time = 1.6582]
2025-12-09 00:21:46.342: [iter 198 : loss = 389957.2500, bpr = 1134.1533, reg = 187.7296, time = 1.6503]
2025-12-09 00:21:47.970: [iter 199 : loss = 389737.1250, bpr = 1068.4272, reg = 188.3330, time = 1.6261]
2025-12-09 00:21:49.628: [iter 200 : loss = 389822.1250, bpr = 1076.2274, reg = 188.6778, time = 1.6571]
2025-12-09 00:21:51.260: [iter 201 : loss = 389787.6562, bpr = 1074.5278, reg = 189.4049, time = 1.6301]
2025-12-09 00:21:53.033: [iter 202 : loss = 389755.0625, bpr = 1066.8741, reg = 190.4303, time = 1.7720]
2025-12-09 00:21:54.598: [iter 203 : loss = 389709.1562, bpr = 1020.6449, reg = 191.1638, time = 1.5633]
2025-12-09 00:21:56.205: [iter 204 : loss = 389816.6875, bpr = 1064.5603, reg = 191.9113, time = 1.6058]
2025-12-09 00:21:57.817: [iter 205 : loss = 389668.5938, bpr = 1029.4055, reg = 192.9281, time = 1.6112]
2025-12-09 00:21:59.413: [iter 206 : loss = 389571.8438, bpr = 982.7894, reg = 193.2210, time = 1.5946]
2025-12-09 00:22:01.124: [iter 207 : loss = 389587.0312, bpr = 988.7522, reg = 194.4940, time = 1.7084]
2025-12-09 00:22:02.776: [iter 208 : loss = 389622.8750, bpr = 1000.9286, reg = 194.8537, time = 1.6507]
2025-12-09 00:22:04.488: [iter 209 : loss = 389581.2500, bpr = 966.1703, reg = 195.3006, time = 1.7102]
2025-12-09 00:22:06.178: [iter 210 : loss = 389546.3125, bpr = 956.9813, reg = 196.3114, time = 1.6884]
2025-12-09 00:22:07.778: [iter 211 : loss = 389496.7812, bpr = 942.5236, reg = 197.1530, time = 1.5987]
2025-12-09 00:22:09.523: [iter 212 : loss = 389439.0938, bpr = 925.0442, reg = 198.0431, time = 1.7437]
2025-12-09 00:22:11.151: [iter 213 : loss = 389404.1250, bpr = 895.2077, reg = 198.4151, time = 1.6256]
2025-12-09 00:22:12.875: [iter 214 : loss = 389274.9062, bpr = 907.0490, reg = 199.3120, time = 1.7220]
2025-12-09 00:22:14.505: [iter 215 : loss = 389385.9688, bpr = 913.4482, reg = 199.7275, time = 1.6284]
2025-12-09 00:22:16.180: [iter 216 : loss = 389383.1875, bpr = 900.1734, reg = 200.2319, time = 1.6735]
2025-12-09 00:22:17.860: [iter 217 : loss = 389389.4062, bpr = 887.6341, reg = 201.2841, time = 1.6784]
2025-12-09 00:22:19.467: [iter 218 : loss = 389268.8438, bpr = 848.2708, reg = 201.9933, time = 1.6051]
2025-12-09 00:22:21.165: [iter 219 : loss = 389294.7812, bpr = 850.4203, reg = 203.0011, time = 1.6961]
2025-12-09 00:22:22.789: [iter 220 : loss = 389337.0938, bpr = 868.3683, reg = 203.1039, time = 1.6227]
2025-12-09 00:22:24.474: [iter 221 : loss = 389368.7188, bpr = 867.7669, reg = 203.8451, time = 1.6836]
2025-12-09 00:22:26.088: [iter 222 : loss = 389142.5938, bpr = 803.5103, reg = 204.6605, time = 1.6117]
2025-12-09 00:22:27.765: [iter 223 : loss = 389322.0312, bpr = 837.0681, reg = 204.9791, time = 1.6755]
2025-12-09 00:22:29.450: [iter 224 : loss = 389292.0000, bpr = 799.8094, reg = 204.8772, time = 1.6842]
2025-12-09 00:22:31.064: [iter 225 : loss = 389184.6562, bpr = 814.5247, reg = 206.2088, time = 1.6115]
2025-12-09 00:22:32.772: [iter 226 : loss = 389215.0000, bpr = 812.5259, reg = 207.4956, time = 1.7066]
2025-12-09 00:22:34.402: [iter 227 : loss = 389127.7188, bpr = 799.4747, reg = 207.7938, time = 1.6281]
2025-12-09 00:22:36.119: [iter 228 : loss = 389161.6250, bpr = 794.9479, reg = 208.4661, time = 1.7156]
2025-12-09 00:22:37.711: [iter 229 : loss = 389165.5938, bpr = 762.9131, reg = 208.7997, time = 1.5899]
2025-12-09 00:22:39.459: [iter 230 : loss = 389136.8750, bpr = 785.1134, reg = 209.4393, time = 1.7466]
2025-12-09 00:22:41.174: [iter 231 : loss = 389160.3750, bpr = 764.9079, reg = 210.2422, time = 1.7131]
2025-12-09 00:22:42.791: [iter 232 : loss = 389018.0000, bpr = 757.8395, reg = 210.7342, time = 1.6147]
2025-12-09 00:22:44.466: [iter 233 : loss = 389064.6562, bpr = 728.1619, reg = 211.0188, time = 1.6730]
2025-12-09 00:22:46.073: [iter 234 : loss = 389069.0000, bpr = 737.6017, reg = 211.6907, time = 1.6043]
2025-12-09 00:22:47.739: [iter 235 : loss = 388983.7188, bpr = 704.9577, reg = 212.0616, time = 1.6630]
2025-12-09 00:22:49.393: [iter 236 : loss = 389042.8125, bpr = 746.0475, reg = 212.7755, time = 1.6518]
2025-12-09 00:22:50.952: [iter 237 : loss = 389019.2812, bpr = 698.0143, reg = 213.4252, time = 1.5579]
2025-12-09 00:22:52.588: [iter 238 : loss = 388985.0312, bpr = 700.6974, reg = 213.9243, time = 1.6336]
2025-12-09 00:22:54.176: [iter 239 : loss = 388957.1562, bpr = 706.8926, reg = 214.4756, time = 1.5863]
2025-12-09 00:22:55.821: [iter 240 : loss = 388933.5938, bpr = 683.8582, reg = 215.3895, time = 1.6428]
2025-12-09 00:22:57.388: [iter 241 : loss = 388900.4375, bpr = 680.4426, reg = 216.1053, time = 1.5658]
2025-12-09 00:22:59.019: [iter 242 : loss = 388907.5625, bpr = 680.1289, reg = 216.3068, time = 1.6300]
2025-12-09 00:23:00.664: [iter 243 : loss = 388969.1562, bpr = 688.2778, reg = 216.5149, time = 1.6432]
2025-12-09 00:23:02.239: [iter 244 : loss = 388871.3438, bpr = 673.8401, reg = 217.5718, time = 1.5741]
2025-12-09 00:23:03.896: [iter 245 : loss = 388807.9062, bpr = 655.1963, reg = 218.3822, time = 1.6550]
2025-12-09 00:23:05.456: [iter 246 : loss = 388860.9062, bpr = 649.4279, reg = 218.4624, time = 1.5582]
2025-12-09 00:23:07.051: [iter 247 : loss = 388809.6562, bpr = 657.7534, reg = 219.4438, time = 1.5946]
2025-12-09 00:23:08.650: [iter 248 : loss = 388846.2812, bpr = 666.7960, reg = 220.1537, time = 1.5978]
2025-12-09 00:23:10.188: [iter 249 : loss = 388883.0625, bpr = 657.2551, reg = 219.9674, time = 1.5367]
2025-12-09 00:23:11.793: [iter 250 : loss = 388842.7188, bpr = 626.8415, reg = 221.3100, time = 1.6040]
2025-12-09 00:23:11.793: best_result@epoch 0:

2025-12-09 00:23:11.793: training finished without evaluation
2025-12-09 00:23:11.856: export_final_embeddings done: /mnt/sda1/sherry/BiGNAS/SGL-BiGNAS-new/SGL-Torch/dataset/all_data/pretrain-embeddings/SGL/final/
