2025-12-08 16:26:12.199: my pid: 4076433
2025-12-08 16:26:12.199: model: model.general_recommender.SGL
2025-12-08 16:26:12.199: Dataset statistics:
Name: all_data
The number of users: 2809
The number of items: 45331
The number of ratings: 85936
Average actions of users: 30.59
Average actions of items: 1.90
The sparsity of the dataset: 99.932512%

The number of training: 85936
The number of validation: 0
The number of testing: 0
2025-12-08 16:26:12.199: NeuRec:[NeuRec]:
recommender=SGL
dataset=all_data
file_column=UI
sep=','
gpu_id=0
gpu_mem=0.99
metric=["Precision", "Recall", "NDCG"]
top_k=[20]
test_thread=8
test_batch_size=128
seed=2021
start_testing_epoch=0

SGL:[hyperparameters]:
aug_type=ED
reg=1e-4
embed_size=64
n_layers=3
ssl_reg=0.5
ssl_ratio=0.1
ssl_temp=0.2
ssl_mode=both_side
lr=0.001
learner=adam
adj_type=pre
epochs=50
batch_size=2048
num_negatives=1
param_init=xavier_uniform
stddev=0.01
verbose=1
stop_cnt=100
pretrain_flag=0
save_flag=0

Command line:
recommender=SGL
dataset=all_data
aug_type=ED
reg=1e-4
n_layers=3
ssl_reg=0.5
ssl_ratio=0.1
ssl_temp=0.2
2025-12-08 16:27:05.532: [iter 1 : loss = 457217.8125, bpr = 59500.8984, reg = 0.2201, time = 52.4927]
2025-12-08 16:27:57.329: [iter 2 : loss = 452946.5938, bpr = 59462.6445, reg = 0.2370, time = 51.6378]
2025-12-08 16:28:49.158: [iter 3 : loss = 450853.0625, bpr = 59426.9883, reg = 0.2520, time = 51.6591]
2025-12-08 16:29:41.016: [iter 4 : loss = 449697.4375, bpr = 59397.8672, reg = 0.2639, time = 51.6816]
2025-12-08 16:30:33.065: [iter 5 : loss = 448736.7812, bpr = 59372.3398, reg = 0.2742, time = 51.8804]
2025-12-08 16:31:25.028: [iter 6 : loss = 448271.3125, bpr = 59352.2109, reg = 0.2840, time = 51.8017]
2025-12-08 16:32:17.193: [iter 7 : loss = 447917.2812, bpr = 59332.9609, reg = 0.2942, time = 52.0037]
2025-12-08 16:33:09.348: [iter 8 : loss = 447512.0625, bpr = 59313.1602, reg = 0.3056, time = 51.9953]
