2025-12-09 00:02:58.464: my pid: 460657
2025-12-09 00:02:58.464: model: model.general_recommender.SGL
2025-12-09 00:02:58.464: Dataset statistics:
Name: all_data
The number of users: 2809
The number of items: 45331
The number of ratings: 85936
Average actions of users: 30.59
Average actions of items: 1.90
The sparsity of the dataset: 99.932512%

The number of training: 85936
The number of validation: 0
The number of testing: 0
2025-12-09 00:02:58.464: NeuRec:[NeuRec]:
recommender=SGL
dataset=all_data
file_column=UI
sep=','
gpu_id=0
gpu_mem=0.99
metric=["Precision", "Recall", "NDCG"]
top_k=[20]
test_thread=8
test_batch_size=128
seed=2021
start_testing_epoch=0

SGL:[hyperparameters]:
aug_type=ED
reg=1e-4
embed_size=64
n_layers=3
ssl_reg=0.5
ssl_ratio=0.1
ssl_temp=0.2
ssl_mode=both_side
lr=0.001
learner=adam
adj_type=pre
epochs=300
batch_size=2048
num_negatives=1
param_init=xavier_uniform
stddev=0.01
verbose=1
stop_cnt=100
pretrain_flag=0
save_flag=0

Command line:
recommender=SGL
dataset=all_data
aug_type=ED
reg=1e-4
n_layers=3
ssl_reg=0.5
ssl_ratio=0.1
ssl_temp=0.2
2025-12-09 00:03:01.292: [iter 1 : loss = 457504.9062, bpr = 59500.9062, reg = 0.2201, time = 1.9241]
2025-12-09 00:03:03.021: [iter 2 : loss = 453233.8438, bpr = 59462.6523, reg = 0.2370, time = 1.7281]
2025-12-09 00:03:04.710: [iter 3 : loss = 451140.6562, bpr = 59426.9961, reg = 0.2520, time = 1.6868]
2025-12-09 00:03:06.343: [iter 4 : loss = 449984.4688, bpr = 59397.8828, reg = 0.2639, time = 1.6310]
2025-12-09 00:03:07.997: [iter 5 : loss = 449024.4062, bpr = 59372.3672, reg = 0.2741, time = 1.6525]
2025-12-09 00:03:09.603: [iter 6 : loss = 448559.5625, bpr = 59352.2539, reg = 0.2840, time = 1.6044]
2025-12-09 00:03:11.248: [iter 7 : loss = 448204.6562, bpr = 59333.0078, reg = 0.2941, time = 1.6429]
2025-12-09 00:03:12.887: [iter 8 : loss = 447799.7188, bpr = 59313.2109, reg = 0.3055, time = 1.6379]
2025-12-09 00:03:14.439: [iter 9 : loss = 447566.0312, bpr = 59294.3906, reg = 0.3180, time = 1.5501]
2025-12-09 00:03:16.123: [iter 10 : loss = 447500.3750, bpr = 59274.1602, reg = 0.3316, time = 1.6827]
2025-12-09 00:03:17.744: [iter 11 : loss = 447335.3750, bpr = 59257.5039, reg = 0.3447, time = 1.6186]
2025-12-09 00:03:19.441: [iter 12 : loss = 447033.4688, bpr = 59237.6016, reg = 0.3599, time = 1.6958]
2025-12-09 00:03:21.061: [iter 13 : loss = 446942.0000, bpr = 59218.9727, reg = 0.3748, time = 1.6186]
2025-12-09 00:03:22.742: [iter 14 : loss = 446810.0000, bpr = 59197.3359, reg = 0.3915, time = 1.6795]
2025-12-09 00:03:24.433: [iter 15 : loss = 446745.0312, bpr = 59177.0625, reg = 0.4081, time = 1.6890]
2025-12-09 00:03:26.023: [iter 16 : loss = 446704.8125, bpr = 59154.8438, reg = 0.4272, time = 1.5870]
2025-12-09 00:03:27.712: [iter 17 : loss = 446586.3438, bpr = 59127.8281, reg = 0.4466, time = 1.6880]
2025-12-09 00:03:29.325: [iter 18 : loss = 446446.0938, bpr = 59098.5312, reg = 0.4654, time = 1.6107]
2025-12-09 00:03:31.023: [iter 19 : loss = 446389.6562, bpr = 59069.6133, reg = 0.4894, time = 1.6967]
2025-12-09 00:03:32.705: [iter 20 : loss = 446253.5000, bpr = 59030.9180, reg = 0.5153, time = 1.6797]
2025-12-09 00:03:34.319: [iter 21 : loss = 446278.2500, bpr = 59001.1602, reg = 0.5371, time = 1.6124]
2025-12-09 00:03:36.023: [iter 22 : loss = 446295.5000, bpr = 58962.4258, reg = 0.5642, time = 1.7025]
2025-12-09 00:03:37.651: [iter 23 : loss = 446111.4688, bpr = 58913.4727, reg = 0.5964, time = 1.6254]
2025-12-09 00:03:39.367: [iter 24 : loss = 446079.6250, bpr = 58877.3164, reg = 0.6230, time = 1.7149]
2025-12-09 00:03:40.997: [iter 25 : loss = 445882.1250, bpr = 58809.4297, reg = 0.6646, time = 1.6280]
2025-12-09 00:03:42.629: [iter 26 : loss = 445887.7812, bpr = 58775.1211, reg = 0.6927, time = 1.6295]
2025-12-09 00:03:44.262: [iter 27 : loss = 445843.4062, bpr = 58708.8516, reg = 0.7328, time = 1.6317]
2025-12-09 00:03:45.835: [iter 28 : loss = 445606.3125, bpr = 58670.4375, reg = 0.7665, time = 1.5716]
2025-12-09 00:03:47.546: [iter 29 : loss = 445555.5625, bpr = 58584.5508, reg = 0.8141, time = 1.7089]
2025-12-09 00:03:49.168: [iter 30 : loss = 445522.2188, bpr = 58503.8477, reg = 0.8658, time = 1.6202]
2025-12-09 00:03:50.851: [iter 31 : loss = 445538.7188, bpr = 58444.2383, reg = 0.9109, time = 1.6815]
2025-12-09 00:03:52.530: [iter 32 : loss = 445328.8125, bpr = 58335.4727, reg = 0.9723, time = 1.6773]
2025-12-09 00:03:54.131: [iter 33 : loss = 445243.5000, bpr = 58276.5234, reg = 1.0170, time = 1.5989]
2025-12-09 00:03:55.805: [iter 34 : loss = 445090.1875, bpr = 58140.3867, reg = 1.1002, time = 1.6733]
2025-12-09 00:03:57.362: [iter 35 : loss = 445076.2188, bpr = 58050.5508, reg = 1.1625, time = 1.5548]
2025-12-09 00:03:59.024: [iter 36 : loss = 444958.0312, bpr = 57928.7070, reg = 1.2432, time = 1.6604]
2025-12-09 00:04:00.618: [iter 37 : loss = 444832.5938, bpr = 57814.2812, reg = 1.3174, time = 1.5922]
2025-12-09 00:04:02.289: [iter 38 : loss = 444598.0000, bpr = 57623.1758, reg = 1.4364, time = 1.6698]
2025-12-09 00:04:03.952: [iter 39 : loss = 444685.6875, bpr = 57502.0078, reg = 1.5202, time = 1.6621]
2025-12-09 00:04:05.551: [iter 40 : loss = 444341.1875, bpr = 57325.2969, reg = 1.6277, time = 1.5972]
2025-12-09 00:04:07.237: [iter 41 : loss = 444241.2500, bpr = 57104.5078, reg = 1.7765, time = 1.6841]
2025-12-09 00:04:08.841: [iter 42 : loss = 444094.3438, bpr = 56951.2617, reg = 1.8937, time = 1.6018]
2025-12-09 00:04:10.496: [iter 43 : loss = 443789.0938, bpr = 56750.9883, reg = 2.0271, time = 1.6539]
2025-12-09 00:04:12.115: [iter 44 : loss = 443669.0000, bpr = 56509.5312, reg = 2.1796, time = 1.6174]
2025-12-09 00:04:13.798: [iter 45 : loss = 443455.0625, bpr = 56263.3789, reg = 2.3596, time = 1.6808]
2025-12-09 00:04:15.486: [iter 46 : loss = 443195.4688, bpr = 56024.6875, reg = 2.5359, time = 1.6871]
2025-12-09 00:04:17.114: [iter 47 : loss = 442954.3750, bpr = 55691.9062, reg = 2.7556, time = 1.6254]
2025-12-09 00:04:18.795: [iter 48 : loss = 442611.4375, bpr = 55404.2344, reg = 2.9788, time = 1.6799]
2025-12-09 00:04:20.417: [iter 49 : loss = 442375.0938, bpr = 55131.2305, reg = 3.1630, time = 1.6196]
2025-12-09 00:04:22.093: [iter 50 : loss = 442071.6250, bpr = 54785.7227, reg = 3.4243, time = 1.6742]
2025-12-09 00:04:23.708: [iter 51 : loss = 441648.7500, bpr = 54438.3984, reg = 3.6918, time = 1.6135]
2025-12-09 00:04:25.395: [iter 52 : loss = 441388.0625, bpr = 53996.4648, reg = 4.0301, time = 1.6854]
2025-12-09 00:04:27.082: [iter 53 : loss = 440892.6875, bpr = 53541.0898, reg = 4.3841, time = 1.6848]
2025-12-09 00:04:28.698: [iter 54 : loss = 440581.9062, bpr = 53132.1758, reg = 4.7276, time = 1.6145]
2025-12-09 00:04:30.405: [iter 55 : loss = 440136.7188, bpr = 52645.1328, reg = 5.0880, time = 1.7050]
2025-12-09 00:04:32.035: [iter 56 : loss = 439717.0938, bpr = 52133.7500, reg = 5.5200, time = 1.6285]
2025-12-09 00:04:33.712: [iter 57 : loss = 439256.8438, bpr = 51628.1602, reg = 5.9189, time = 1.6749]
2025-12-09 00:04:35.391: [iter 58 : loss = 438601.6250, bpr = 50948.8906, reg = 6.4865, time = 1.6773]
2025-12-09 00:04:36.995: [iter 59 : loss = 438060.1562, bpr = 50362.5156, reg = 6.9999, time = 1.6028]
2025-12-09 00:04:38.661: [iter 60 : loss = 437629.1562, bpr = 49911.8164, reg = 7.4028, time = 1.6642]
2025-12-09 00:04:40.263: [iter 61 : loss = 436900.3125, bpr = 49076.4648, reg = 8.0909, time = 1.6003]
2025-12-09 00:04:41.939: [iter 62 : loss = 436191.7188, bpr = 48366.2188, reg = 8.7264, time = 1.6751]
2025-12-09 00:04:43.549: [iter 63 : loss = 435437.0312, bpr = 47534.8438, reg = 9.4684, time = 1.6080]
2025-12-09 00:04:45.220: [iter 64 : loss = 434724.1562, bpr = 46824.0742, reg = 10.1389, time = 1.6694]
2025-12-09 00:04:46.897: [iter 65 : loss = 433910.9062, bpr = 45938.6562, reg = 10.9644, time = 1.6757]
2025-12-09 00:04:48.496: [iter 66 : loss = 433159.5938, bpr = 45074.8438, reg = 11.8196, time = 1.5975]
2025-12-09 00:04:50.164: [iter 67 : loss = 432220.6250, bpr = 44198.5195, reg = 12.7290, time = 1.6663]
2025-12-09 00:04:51.760: [iter 68 : loss = 431493.5625, bpr = 43359.2188, reg = 13.5824, time = 1.5947]
2025-12-09 00:04:53.427: [iter 69 : loss = 430414.5312, bpr = 42253.4727, reg = 14.7075, time = 1.6653]
2025-12-09 00:04:55.018: [iter 70 : loss = 429478.7188, bpr = 41208.0039, reg = 15.7790, time = 1.5905]
2025-12-09 00:04:56.711: [iter 71 : loss = 428721.6875, bpr = 40242.3516, reg = 16.8852, time = 1.6912]
2025-12-09 00:04:58.401: [iter 72 : loss = 427539.6250, bpr = 39083.7539, reg = 18.2052, time = 1.6891]
2025-12-09 00:05:00.008: [iter 73 : loss = 426501.4062, bpr = 38023.9727, reg = 19.4164, time = 1.6051]
2025-12-09 00:05:01.696: [iter 74 : loss = 425374.6250, bpr = 36913.3086, reg = 20.7972, time = 1.6866]
2025-12-09 00:05:03.312: [iter 75 : loss = 424527.9688, bpr = 35934.7773, reg = 22.1174, time = 1.6134]
2025-12-09 00:05:04.962: [iter 76 : loss = 423468.3750, bpr = 34877.7695, reg = 23.6004, time = 1.6492]
2025-12-09 00:05:06.567: [iter 77 : loss = 422564.8125, bpr = 33836.1250, reg = 24.8877, time = 1.6035]
2025-12-09 00:05:08.221: [iter 78 : loss = 421475.2188, bpr = 32776.6133, reg = 26.4385, time = 1.6529]
2025-12-09 00:05:09.912: [iter 79 : loss = 420363.4375, bpr = 31633.0078, reg = 28.0803, time = 1.6896]
2025-12-09 00:05:11.548: [iter 80 : loss = 419457.1875, bpr = 30566.1641, reg = 29.6896, time = 1.6335]
2025-12-09 00:05:13.258: [iter 81 : loss = 418403.3438, bpr = 29557.8652, reg = 31.3398, time = 1.7078]
2025-12-09 00:05:14.885: [iter 82 : loss = 417561.6875, bpr = 28601.5957, reg = 32.9867, time = 1.6256]
2025-12-09 00:05:16.585: [iter 83 : loss = 416588.3125, bpr = 27651.6816, reg = 34.6536, time = 1.6986]
2025-12-09 00:05:18.264: [iter 84 : loss = 415636.7500, bpr = 26595.8809, reg = 36.4883, time = 1.6772]
2025-12-09 00:05:19.863: [iter 85 : loss = 414615.0938, bpr = 25611.2246, reg = 38.2512, time = 1.5974]
2025-12-09 00:05:21.569: [iter 86 : loss = 413881.4375, bpr = 24724.6367, reg = 40.0230, time = 1.7041]
2025-12-09 00:05:23.194: [iter 87 : loss = 412989.6562, bpr = 23976.5625, reg = 41.7299, time = 1.6236]
2025-12-09 00:05:24.894: [iter 88 : loss = 412251.9062, bpr = 23138.4219, reg = 43.6428, time = 1.6981]
2025-12-09 00:05:26.491: [iter 89 : loss = 411214.4375, bpr = 22169.7676, reg = 45.5160, time = 1.5960]
2025-12-09 00:05:28.195: [iter 90 : loss = 410651.8750, bpr = 21451.7227, reg = 47.3226, time = 1.7022]
2025-12-09 00:05:29.847: [iter 91 : loss = 410052.5938, bpr = 20733.1035, reg = 49.1444, time = 1.6494]
2025-12-09 00:05:31.426: [iter 92 : loss = 409306.0000, bpr = 20025.2480, reg = 50.8793, time = 1.5771]
2025-12-09 00:05:33.069: [iter 93 : loss = 408569.5312, bpr = 19345.8379, reg = 52.8202, time = 1.6418]
2025-12-09 00:05:34.685: [iter 94 : loss = 407981.3750, bpr = 18649.1836, reg = 54.5812, time = 1.6137]
2025-12-09 00:05:36.385: [iter 95 : loss = 407063.0625, bpr = 17817.9844, reg = 56.6571, time = 1.6992]
2025-12-09 00:05:38.089: [iter 96 : loss = 406503.1250, bpr = 17256.4043, reg = 58.4834, time = 1.7020]
2025-12-09 00:05:39.706: [iter 97 : loss = 405940.7188, bpr = 16607.5273, reg = 60.3372, time = 1.6146]
2025-12-09 00:05:41.405: [iter 98 : loss = 405405.9062, bpr = 15994.4824, reg = 62.2772, time = 1.6979]
2025-12-09 00:05:43.022: [iter 99 : loss = 404950.5938, bpr = 15455.3350, reg = 63.8905, time = 1.6142]
2025-12-09 00:05:44.715: [iter 100 : loss = 404164.8438, bpr = 14813.6221, reg = 65.8511, time = 1.6923]
2025-12-09 00:05:46.334: [iter 101 : loss = 403761.5000, bpr = 14330.9648, reg = 67.7251, time = 1.6174]
2025-12-09 00:05:48.028: [iter 102 : loss = 403304.0000, bpr = 13856.8955, reg = 69.5457, time = 1.6920]
2025-12-09 00:05:49.647: [iter 103 : loss = 402652.8750, bpr = 13214.8916, reg = 71.5760, time = 1.6181]
2025-12-09 00:05:51.241: [iter 104 : loss = 402335.7812, bpr = 12713.8945, reg = 73.1772, time = 1.5924]
2025-12-09 00:05:52.919: [iter 105 : loss = 401799.4062, bpr = 12215.4287, reg = 75.1462, time = 1.6764]
2025-12-09 00:05:54.534: [iter 106 : loss = 401408.1562, bpr = 11776.4951, reg = 76.8721, time = 1.6134]
2025-12-09 00:05:56.207: [iter 107 : loss = 400992.3750, bpr = 11351.4023, reg = 78.8160, time = 1.6704]
2025-12-09 00:05:57.885: [iter 108 : loss = 400472.9688, bpr = 10911.3887, reg = 80.5504, time = 1.6758]
2025-12-09 00:05:59.482: [iter 109 : loss = 400148.8125, bpr = 10549.8154, reg = 82.2694, time = 1.5956]
2025-12-09 00:06:01.163: [iter 110 : loss = 399705.1562, bpr = 10125.8838, reg = 84.2722, time = 1.6803]
2025-12-09 00:06:02.735: [iter 111 : loss = 399378.9688, bpr = 9753.2861, reg = 85.8497, time = 1.5694]
2025-12-09 00:06:04.383: [iter 112 : loss = 399026.9688, bpr = 9303.8232, reg = 87.6814, time = 1.6470]
2025-12-09 00:06:05.954: [iter 113 : loss = 398531.4375, bpr = 8939.4502, reg = 89.5446, time = 1.5693]
2025-12-09 00:06:07.588: [iter 114 : loss = 398276.2812, bpr = 8651.7236, reg = 91.1963, time = 1.6324]
2025-12-09 00:06:09.229: [iter 115 : loss = 397891.0000, bpr = 8273.1543, reg = 93.2072, time = 1.6394]
2025-12-09 00:06:10.787: [iter 116 : loss = 397566.2500, bpr = 7989.2671, reg = 94.7202, time = 1.5563]
2025-12-09 00:06:12.500: [iter 117 : loss = 397436.2812, bpr = 7770.0259, reg = 96.3875, time = 1.7116]
2025-12-09 00:06:14.130: [iter 118 : loss = 396980.8750, bpr = 7303.0771, reg = 98.2022, time = 1.6275]
2025-12-09 00:06:15.844: [iter 119 : loss = 396745.8438, bpr = 7101.0059, reg = 99.6828, time = 1.7125]
2025-12-09 00:06:17.486: [iter 120 : loss = 396412.5625, bpr = 6809.8838, reg = 101.5110, time = 1.6397]
2025-12-09 00:06:19.185: [iter 121 : loss = 396251.0625, bpr = 6615.1680, reg = 103.0356, time = 1.6965]
2025-12-09 00:06:20.837: [iter 122 : loss = 395978.5312, bpr = 6312.4229, reg = 104.6590, time = 1.6497]
2025-12-09 00:06:22.472: [iter 123 : loss = 395823.0625, bpr = 6158.5820, reg = 106.1811, time = 1.6331]
2025-12-09 00:06:24.199: [iter 124 : loss = 395549.7500, bpr = 5907.0752, reg = 107.9239, time = 1.7241]
2025-12-09 00:06:25.795: [iter 125 : loss = 395511.0312, bpr = 5756.7725, reg = 109.3981, time = 1.5942]
2025-12-09 00:06:27.531: [iter 126 : loss = 395152.7500, bpr = 5560.1470, reg = 110.8061, time = 1.7344]
2025-12-09 00:06:29.144: [iter 127 : loss = 394947.1562, bpr = 5305.0708, reg = 112.4136, time = 1.6102]
2025-12-09 00:06:30.846: [iter 128 : loss = 394853.7812, bpr = 5149.7271, reg = 113.8093, time = 1.7001]
2025-12-09 00:06:32.555: [iter 129 : loss = 394742.9062, bpr = 5002.0596, reg = 115.2748, time = 1.7077]
2025-12-09 00:06:34.213: [iter 130 : loss = 394502.3750, bpr = 4803.8452, reg = 116.6820, time = 1.6559]
2025-12-09 00:06:35.910: [iter 131 : loss = 394144.3125, bpr = 4592.0029, reg = 118.5598, time = 1.6948]
2025-12-09 00:06:37.538: [iter 132 : loss = 394248.1875, bpr = 4557.6602, reg = 119.7353, time = 1.6252]
2025-12-09 00:06:39.254: [iter 133 : loss = 394145.4062, bpr = 4424.3828, reg = 121.0304, time = 1.7149]
2025-12-09 00:06:40.938: [iter 134 : loss = 393872.4688, bpr = 4267.1763, reg = 122.4392, time = 1.6813]
2025-12-09 00:06:42.595: [iter 135 : loss = 393648.0312, bpr = 4069.3276, reg = 123.6996, time = 1.6544]
2025-12-09 00:06:44.287: [iter 136 : loss = 393724.2500, bpr = 4049.6953, reg = 125.1707, time = 1.6902]
2025-12-09 00:06:45.922: [iter 137 : loss = 393396.4688, bpr = 3839.9495, reg = 126.5507, time = 1.6324]
2025-12-09 00:06:47.671: [iter 138 : loss = 393289.0000, bpr = 3719.7246, reg = 127.8305, time = 1.7472]
2025-12-09 00:06:49.293: [iter 139 : loss = 393255.0000, bpr = 3693.5620, reg = 129.0327, time = 1.6205]
2025-12-09 00:06:50.948: [iter 140 : loss = 393066.7188, bpr = 3556.0134, reg = 130.7024, time = 1.6531]
2025-12-09 00:06:52.637: [iter 141 : loss = 392964.4062, bpr = 3405.6003, reg = 131.7881, time = 1.6860]
2025-12-09 00:06:54.197: [iter 142 : loss = 392902.6250, bpr = 3336.9600, reg = 133.1605, time = 1.5581]
2025-12-09 00:06:55.850: [iter 143 : loss = 392961.8750, bpr = 3299.8662, reg = 134.0870, time = 1.6520]
2025-12-09 00:06:57.533: [iter 144 : loss = 392674.7500, bpr = 3165.5208, reg = 135.6346, time = 1.6803]
2025-12-09 00:06:59.244: [iter 145 : loss = 392503.2188, bpr = 3067.1606, reg = 137.0305, time = 1.7093]
2025-12-09 00:07:00.883: [iter 146 : loss = 392410.6250, bpr = 2975.9175, reg = 138.0599, time = 1.6370]
2025-12-09 00:07:02.575: [iter 147 : loss = 392384.6562, bpr = 2941.0063, reg = 139.5723, time = 1.6894]
2025-12-09 00:07:04.270: [iter 148 : loss = 392356.5000, bpr = 2889.7759, reg = 140.2901, time = 1.6940]
2025-12-09 00:07:05.897: [iter 149 : loss = 392197.0938, bpr = 2776.9451, reg = 141.6801, time = 1.6248]
2025-12-09 00:07:07.620: [iter 150 : loss = 392190.5312, bpr = 2733.4180, reg = 142.8746, time = 1.7204]
2025-12-09 00:07:09.238: [iter 151 : loss = 392063.6250, bpr = 2654.7346, reg = 144.0061, time = 1.6160]
2025-12-09 00:07:10.957: [iter 152 : loss = 391988.5625, bpr = 2559.9004, reg = 145.0870, time = 1.7175]
2025-12-09 00:07:12.645: [iter 153 : loss = 391896.1250, bpr = 2552.3494, reg = 146.1720, time = 1.6855]
2025-12-09 00:07:14.270: [iter 154 : loss = 391939.8750, bpr = 2519.2000, reg = 147.2359, time = 1.6233]
2025-12-09 00:07:15.889: [iter 155 : loss = 391807.7500, bpr = 2439.3857, reg = 148.3652, time = 1.6177]
2025-12-09 00:07:17.457: [iter 156 : loss = 391661.6875, bpr = 2325.0745, reg = 149.5509, time = 1.5665]
2025-12-09 00:07:19.054: [iter 157 : loss = 391710.0625, bpr = 2326.9990, reg = 150.3785, time = 1.5955]
2025-12-09 00:07:20.590: [iter 158 : loss = 391566.3438, bpr = 2244.3472, reg = 151.3631, time = 1.5350]
2025-12-09 00:07:22.239: [iter 159 : loss = 391416.3125, bpr = 2164.4348, reg = 152.4705, time = 1.6475]
2025-12-09 00:07:23.883: [iter 160 : loss = 391360.9688, bpr = 2163.5598, reg = 154.0991, time = 1.6417]
2025-12-09 00:07:25.437: [iter 161 : loss = 391312.3438, bpr = 2081.0063, reg = 154.9001, time = 1.5522]
2025-12-09 00:07:27.079: [iter 162 : loss = 391295.0312, bpr = 2034.4988, reg = 155.7953, time = 1.6409]
2025-12-09 00:07:28.650: [iter 163 : loss = 391302.9062, bpr = 2040.2048, reg = 156.9148, time = 1.5695]
2025-12-09 00:07:30.288: [iter 164 : loss = 391192.7188, bpr = 1974.2167, reg = 158.0867, time = 1.6358]
2025-12-09 00:07:31.861: [iter 165 : loss = 391182.0625, bpr = 1919.1119, reg = 159.0732, time = 1.5711]
2025-12-09 00:07:33.493: [iter 166 : loss = 390992.4062, bpr = 1900.0505, reg = 159.8384, time = 1.6300]
2025-12-09 00:07:35.170: [iter 167 : loss = 391101.8125, bpr = 1870.9855, reg = 160.5533, time = 1.6749]
2025-12-09 00:07:36.782: [iter 168 : loss = 390929.1562, bpr = 1809.5830, reg = 161.7153, time = 1.6107]
2025-12-09 00:07:38.447: [iter 169 : loss = 390930.9375, bpr = 1766.6189, reg = 162.6528, time = 1.6632]
2025-12-09 00:07:40.055: [iter 170 : loss = 390915.9375, bpr = 1760.5017, reg = 163.3872, time = 1.6065]
2025-12-09 00:07:41.719: [iter 171 : loss = 390829.9688, bpr = 1763.5721, reg = 164.7673, time = 1.6626]
2025-12-09 00:07:43.383: [iter 172 : loss = 390802.7188, bpr = 1732.4321, reg = 165.5023, time = 1.6625]
2025-12-09 00:07:44.989: [iter 173 : loss = 390813.0938, bpr = 1672.1527, reg = 166.4111, time = 1.6045]
2025-12-09 00:07:46.686: [iter 174 : loss = 390628.8750, bpr = 1625.9985, reg = 167.5851, time = 1.6951]
2025-12-09 00:07:48.318: [iter 175 : loss = 390767.6875, bpr = 1624.6740, reg = 167.9708, time = 1.6302]
2025-12-09 00:07:49.999: [iter 176 : loss = 390696.4062, bpr = 1574.2026, reg = 169.6477, time = 1.6790]
2025-12-09 00:07:51.618: [iter 177 : loss = 390689.7812, bpr = 1557.0455, reg = 170.1038, time = 1.6173]
2025-12-09 00:07:53.299: [iter 178 : loss = 390459.9688, bpr = 1502.9294, reg = 170.8769, time = 1.6793]
2025-12-09 00:07:54.976: [iter 179 : loss = 390458.6562, bpr = 1479.6656, reg = 172.2025, time = 1.6758]
2025-12-09 00:07:56.588: [iter 180 : loss = 390419.2812, bpr = 1454.4774, reg = 172.9609, time = 1.6094]
2025-12-09 00:07:58.267: [iter 181 : loss = 390462.2500, bpr = 1457.3663, reg = 173.5126, time = 1.6778]
2025-12-09 00:07:59.881: [iter 182 : loss = 390419.7188, bpr = 1413.6210, reg = 174.2561, time = 1.6119]
2025-12-09 00:08:01.559: [iter 183 : loss = 390346.8750, bpr = 1410.0690, reg = 175.0516, time = 1.6773]
2025-12-09 00:08:03.245: [iter 184 : loss = 390279.4688, bpr = 1360.9786, reg = 176.4637, time = 1.6839]
2025-12-09 00:08:04.842: [iter 185 : loss = 390284.5938, bpr = 1339.2177, reg = 176.5838, time = 1.5957]
2025-12-09 00:08:06.509: [iter 186 : loss = 390199.8125, bpr = 1308.5801, reg = 178.1346, time = 1.6656]
2025-12-09 00:08:08.123: [iter 187 : loss = 390109.0312, bpr = 1307.0568, reg = 178.8296, time = 1.6117]
2025-12-09 00:08:09.801: [iter 188 : loss = 390112.4062, bpr = 1274.3541, reg = 179.5238, time = 1.6771]
2025-12-09 00:08:11.418: [iter 189 : loss = 390117.8438, bpr = 1254.8242, reg = 180.4804, time = 1.6149]
2025-12-09 00:08:13.108: [iter 190 : loss = 390103.5938, bpr = 1245.5212, reg = 181.1844, time = 1.6878]
2025-12-09 00:08:14.787: [iter 191 : loss = 389942.3438, bpr = 1187.9054, reg = 181.7744, time = 1.6774]
2025-12-09 00:08:16.401: [iter 192 : loss = 390005.5938, bpr = 1191.9067, reg = 182.9199, time = 1.6121]
2025-12-09 00:08:18.088: [iter 193 : loss = 389884.4688, bpr = 1178.6154, reg = 183.8689, time = 1.6850]
2025-12-09 00:08:19.701: [iter 194 : loss = 389901.4375, bpr = 1144.9274, reg = 184.5367, time = 1.6108]
2025-12-09 00:08:21.373: [iter 195 : loss = 389885.7188, bpr = 1163.9867, reg = 185.2936, time = 1.6711]
2025-12-09 00:08:22.997: [iter 196 : loss = 389879.5000, bpr = 1152.5132, reg = 186.1287, time = 1.6216]
2025-12-09 00:08:24.680: [iter 197 : loss = 389805.8125, bpr = 1103.7297, reg = 186.8279, time = 1.6813]
2025-12-09 00:08:26.348: [iter 198 : loss = 389957.2500, bpr = 1134.1534, reg = 187.7296, time = 1.6666]
2025-12-09 00:08:27.954: [iter 199 : loss = 389737.0625, bpr = 1068.4272, reg = 188.3330, time = 1.6042]
2025-12-09 00:08:29.654: [iter 200 : loss = 389822.0938, bpr = 1076.2275, reg = 188.6778, time = 1.6983]
2025-12-09 00:08:31.279: [iter 201 : loss = 389787.6562, bpr = 1074.5277, reg = 189.4049, time = 1.6233]
2025-12-09 00:08:32.993: [iter 202 : loss = 389755.0625, bpr = 1066.8740, reg = 190.4303, time = 1.7117]
2025-12-09 00:08:34.683: [iter 203 : loss = 389709.1562, bpr = 1020.6448, reg = 191.1638, time = 1.6876]
2025-12-09 00:08:36.373: [iter 204 : loss = 389816.6875, bpr = 1064.5603, reg = 191.9113, time = 1.6884]
2025-12-09 00:08:38.075: [iter 205 : loss = 389668.6250, bpr = 1029.4053, reg = 192.9282, time = 1.7001]
2025-12-09 00:08:39.702: [iter 206 : loss = 389571.8438, bpr = 982.7894, reg = 193.2209, time = 1.6247]
2025-12-09 00:08:41.390: [iter 207 : loss = 389587.0312, bpr = 988.7523, reg = 194.4940, time = 1.6865]
2025-12-09 00:08:43.016: [iter 208 : loss = 389622.8750, bpr = 1000.9287, reg = 194.8537, time = 1.6234]
2025-12-09 00:08:44.716: [iter 209 : loss = 389581.2500, bpr = 966.1704, reg = 195.3006, time = 1.6983]
2025-12-09 00:08:46.404: [iter 210 : loss = 389546.3125, bpr = 956.9812, reg = 196.3114, time = 1.6860]
2025-12-09 00:08:48.009: [iter 211 : loss = 389496.7812, bpr = 942.5237, reg = 197.1530, time = 1.6036]
2025-12-09 00:08:49.697: [iter 212 : loss = 389439.0938, bpr = 925.0443, reg = 198.0431, time = 1.6866]
2025-12-09 00:08:51.315: [iter 213 : loss = 389404.1250, bpr = 895.2075, reg = 198.4151, time = 1.6149]
2025-12-09 00:08:53.001: [iter 214 : loss = 389274.9062, bpr = 907.0488, reg = 199.3120, time = 1.6840]
2025-12-09 00:08:54.612: [iter 215 : loss = 389385.9688, bpr = 913.4482, reg = 199.7275, time = 1.6092]
2025-12-09 00:08:56.288: [iter 216 : loss = 389383.1875, bpr = 900.1733, reg = 200.2319, time = 1.6750]
2025-12-09 00:08:57.970: [iter 217 : loss = 389389.4062, bpr = 887.6340, reg = 201.2841, time = 1.6800]
2025-12-09 00:08:59.564: [iter 218 : loss = 389268.8438, bpr = 848.2708, reg = 201.9933, time = 1.5920]
2025-12-09 00:09:01.249: [iter 219 : loss = 389294.8125, bpr = 850.4202, reg = 203.0012, time = 1.6842]
2025-12-09 00:09:02.868: [iter 220 : loss = 389337.0938, bpr = 868.3680, reg = 203.1039, time = 1.6163]
2025-12-09 00:09:04.550: [iter 221 : loss = 389368.7188, bpr = 867.7668, reg = 203.8451, time = 1.6802]
2025-12-09 00:09:06.133: [iter 222 : loss = 389142.5938, bpr = 803.5103, reg = 204.6605, time = 1.5815]
2025-12-09 00:09:07.816: [iter 223 : loss = 389322.0312, bpr = 837.0681, reg = 204.9791, time = 1.6808]
2025-12-09 00:09:09.535: [iter 224 : loss = 389292.0000, bpr = 799.8095, reg = 204.8772, time = 1.7169]
2025-12-09 00:09:11.191: [iter 225 : loss = 389184.6562, bpr = 814.5246, reg = 206.2088, time = 1.6537]
2025-12-09 00:09:12.935: [iter 226 : loss = 389215.0000, bpr = 812.5258, reg = 207.4956, time = 1.7417]
2025-12-09 00:09:14.554: [iter 227 : loss = 389127.7188, bpr = 799.4745, reg = 207.7938, time = 1.6168]
2025-12-09 00:09:16.266: [iter 228 : loss = 389161.6250, bpr = 794.9479, reg = 208.4661, time = 1.7112]
2025-12-09 00:09:17.895: [iter 229 : loss = 389165.5938, bpr = 762.9132, reg = 208.7997, time = 1.6262]
2025-12-09 00:09:19.571: [iter 230 : loss = 389136.8750, bpr = 785.1136, reg = 209.4393, time = 1.6743]
2025-12-09 00:09:21.225: [iter 231 : loss = 389160.3750, bpr = 764.9080, reg = 210.2422, time = 1.6525]
2025-12-09 00:09:22.828: [iter 232 : loss = 389018.0000, bpr = 757.8395, reg = 210.7342, time = 1.6019]
2025-12-09 00:09:24.524: [iter 233 : loss = 389064.6562, bpr = 728.1618, reg = 211.0187, time = 1.6943]
2025-12-09 00:09:26.173: [iter 234 : loss = 389068.9375, bpr = 737.6019, reg = 211.6907, time = 1.6460]
2025-12-09 00:09:27.840: [iter 235 : loss = 388983.7188, bpr = 704.9576, reg = 212.0616, time = 1.6656]
2025-12-09 00:09:29.481: [iter 236 : loss = 389042.8125, bpr = 746.0472, reg = 212.7755, time = 1.6392]
2025-12-09 00:09:31.036: [iter 237 : loss = 389019.2812, bpr = 698.0142, reg = 213.4252, time = 1.5534]
2025-12-09 00:09:32.678: [iter 238 : loss = 388985.0312, bpr = 700.6973, reg = 213.9243, time = 1.6402]
2025-12-09 00:09:34.257: [iter 239 : loss = 388957.1562, bpr = 706.8927, reg = 214.4756, time = 1.5768]
2025-12-09 00:09:35.910: [iter 240 : loss = 388933.5938, bpr = 683.8581, reg = 215.3895, time = 1.6520]
2025-12-09 00:09:37.479: [iter 241 : loss = 388900.4375, bpr = 680.4427, reg = 216.1053, time = 1.5667]
2025-12-09 00:09:39.117: [iter 242 : loss = 388907.5938, bpr = 680.1288, reg = 216.3068, time = 1.6369]
2025-12-09 00:09:40.792: [iter 243 : loss = 388969.1250, bpr = 688.2779, reg = 216.5149, time = 1.6735]
2025-12-09 00:09:42.396: [iter 244 : loss = 388871.3438, bpr = 673.8403, reg = 217.5718, time = 1.6018]
2025-12-09 00:09:44.082: [iter 245 : loss = 388807.8750, bpr = 655.1964, reg = 218.3822, time = 1.6843]
2025-12-09 00:09:45.691: [iter 246 : loss = 388860.9062, bpr = 649.4278, reg = 218.4624, time = 1.6082]
2025-12-09 00:09:47.436: [iter 247 : loss = 388809.6562, bpr = 657.7532, reg = 219.4438, time = 1.7433]
2025-12-09 00:09:49.143: [iter 248 : loss = 388846.2812, bpr = 666.7961, reg = 220.1537, time = 1.7047]
2025-12-09 00:09:50.806: [iter 249 : loss = 388883.0625, bpr = 657.2551, reg = 219.9674, time = 1.6612]
2025-12-09 00:09:52.495: [iter 250 : loss = 388842.7188, bpr = 626.8414, reg = 221.3100, time = 1.6864]
2025-12-09 00:09:54.143: [iter 251 : loss = 388876.4375, bpr = 660.4706, reg = 221.8960, time = 1.6469]
2025-12-09 00:09:55.852: [iter 252 : loss = 388840.3438, bpr = 644.0304, reg = 222.5416, time = 1.7071]
2025-12-09 00:09:57.462: [iter 253 : loss = 388734.0000, bpr = 623.8414, reg = 222.8060, time = 1.6082]
2025-12-09 00:09:59.164: [iter 254 : loss = 388856.8438, bpr = 618.3550, reg = 223.3210, time = 1.6998]
2025-12-09 00:10:00.854: [iter 255 : loss = 388812.7188, bpr = 622.3841, reg = 223.3873, time = 1.6879]
2025-12-09 00:10:02.461: [iter 256 : loss = 388710.0312, bpr = 607.4859, reg = 223.9001, time = 1.6055]
2025-12-09 00:10:04.159: [iter 257 : loss = 388646.1562, bpr = 618.1117, reg = 224.9186, time = 1.6967]
2025-12-09 00:10:05.785: [iter 258 : loss = 388789.5938, bpr = 623.9204, reg = 224.5841, time = 1.6236]
2025-12-09 00:10:07.463: [iter 259 : loss = 388666.4688, bpr = 587.8546, reg = 225.4998, time = 1.6759]
2025-12-09 00:10:09.159: [iter 260 : loss = 388704.0625, bpr = 606.9643, reg = 225.7331, time = 1.6951]
2025-12-09 00:10:10.753: [iter 261 : loss = 388645.9375, bpr = 619.8618, reg = 227.0937, time = 1.5922]
2025-12-09 00:10:12.435: [iter 262 : loss = 388670.2812, bpr = 608.5764, reg = 227.6442, time = 1.6799]
2025-12-09 00:10:14.057: [iter 263 : loss = 388561.1875, bpr = 576.9491, reg = 228.4834, time = 1.6196]
2025-12-09 00:10:15.761: [iter 264 : loss = 388826.3750, bpr = 590.7668, reg = 228.0683, time = 1.7030]
2025-12-09 00:10:17.383: [iter 265 : loss = 388668.8750, bpr = 574.9624, reg = 228.9568, time = 1.6192]
2025-12-09 00:10:19.068: [iter 266 : loss = 388632.1875, bpr = 570.5707, reg = 229.6946, time = 1.6836]
2025-12-09 00:10:20.751: [iter 267 : loss = 388657.0312, bpr = 566.8527, reg = 229.7033, time = 1.6815]
2025-12-09 00:10:22.356: [iter 268 : loss = 388672.3750, bpr = 545.5873, reg = 229.9699, time = 1.6026]
2025-12-09 00:10:24.033: [iter 269 : loss = 388601.1250, bpr = 564.1281, reg = 230.7560, time = 1.6765]
2025-12-09 00:10:25.661: [iter 270 : loss = 388701.6875, bpr = 575.6314, reg = 231.3799, time = 1.6255]
2025-12-09 00:10:27.336: [iter 271 : loss = 388532.6250, bpr = 539.7691, reg = 231.6695, time = 1.6735]
2025-12-09 00:10:28.952: [iter 272 : loss = 388656.6250, bpr = 549.8400, reg = 232.2725, time = 1.6141]
2025-12-09 00:10:30.617: [iter 273 : loss = 388731.6250, bpr = 536.4201, reg = 232.1308, time = 1.6639]
2025-12-09 00:10:32.288: [iter 274 : loss = 388635.9062, bpr = 546.8722, reg = 232.6236, time = 1.6693]
2025-12-09 00:10:33.905: [iter 275 : loss = 388601.1250, bpr = 532.4638, reg = 233.6610, time = 1.6157]
2025-12-09 00:10:35.579: [iter 276 : loss = 388609.2500, bpr = 534.3455, reg = 233.5218, time = 1.6717]
2025-12-09 00:10:37.188: [iter 277 : loss = 388498.5625, bpr = 543.6174, reg = 234.4653, time = 1.6079]
2025-12-09 00:10:38.907: [iter 278 : loss = 388489.8438, bpr = 528.2068, reg = 234.5791, time = 1.7175]
2025-12-09 00:10:40.530: [iter 279 : loss = 388455.7812, bpr = 517.8693, reg = 235.0388, time = 1.6203]
2025-12-09 00:10:42.219: [iter 280 : loss = 388469.9688, bpr = 521.7424, reg = 236.4250, time = 1.6869]
2025-12-09 00:10:43.923: [iter 281 : loss = 388509.9062, bpr = 511.4546, reg = 236.5736, time = 1.7023]
2025-12-09 00:10:45.584: [iter 282 : loss = 388368.8438, bpr = 507.6740, reg = 237.6364, time = 1.6589]
2025-12-09 00:10:47.253: [iter 283 : loss = 388475.1875, bpr = 520.3521, reg = 237.1925, time = 1.6670]
2025-12-09 00:10:48.896: [iter 284 : loss = 388490.0312, bpr = 510.8085, reg = 237.2637, time = 1.6405]
2025-12-09 00:10:50.626: [iter 285 : loss = 388406.7812, bpr = 511.5556, reg = 237.9879, time = 1.7273]
2025-12-09 00:10:52.258: [iter 286 : loss = 388475.5312, bpr = 524.7614, reg = 238.2819, time = 1.6307]
2025-12-09 00:10:53.875: [iter 287 : loss = 388380.9688, bpr = 505.0402, reg = 239.5035, time = 1.6147]
2025-12-09 00:10:55.575: [iter 288 : loss = 388472.4062, bpr = 501.5541, reg = 238.9726, time = 1.6979]
2025-12-09 00:10:57.241: [iter 289 : loss = 388409.6875, bpr = 477.7424, reg = 240.0952, time = 1.6635]
2025-12-09 00:10:58.967: [iter 290 : loss = 388394.2812, bpr = 500.5544, reg = 240.2396, time = 1.7241]
2025-12-09 00:11:00.666: [iter 291 : loss = 388391.4062, bpr = 489.4849, reg = 241.3409, time = 1.6968]
2025-12-09 00:11:02.418: [iter 292 : loss = 388432.5625, bpr = 489.6959, reg = 241.2554, time = 1.7498]
2025-12-09 00:11:04.146: [iter 293 : loss = 388301.6875, bpr = 479.0542, reg = 241.3194, time = 1.7258]
2025-12-09 00:11:05.768: [iter 294 : loss = 388422.0625, bpr = 489.5079, reg = 241.0794, time = 1.6189]
2025-12-09 00:11:07.468: [iter 295 : loss = 388282.1562, bpr = 462.6800, reg = 242.2429, time = 1.6986]
2025-12-09 00:11:09.079: [iter 296 : loss = 388361.0625, bpr = 473.1810, reg = 243.0660, time = 1.6090]
2025-12-09 00:11:10.832: [iter 297 : loss = 388375.3750, bpr = 464.1299, reg = 242.9624, time = 1.7505]
2025-12-09 00:11:12.481: [iter 298 : loss = 388308.2188, bpr = 478.6010, reg = 244.0328, time = 1.6475]
2025-12-09 00:11:14.199: [iter 299 : loss = 388217.3125, bpr = 480.4487, reg = 244.9077, time = 1.7157]
2025-12-09 00:11:15.927: [iter 300 : loss = 388303.2500, bpr = 462.8696, reg = 244.9307, time = 1.7263]
2025-12-09 00:11:15.927: best_result@epoch 0:

2025-12-09 00:11:15.928: training finished without evaluation
2025-12-09 00:11:15.996: export_final_embeddings done: /mnt/sda1/sherry/BiGNAS/SGL-BiGNAS-new/SGL-Torch/dataset/all_data/pretrain-embeddings/SGL/final/
