2025-12-20 14:03:55.548: my pid: 17070
2025-12-20 14:03:55.548: model: model.general_recommender.SGL
2025-12-20 14:03:55.548: Dataset statistics:
Name: all_data
The number of users: 2809
The number of items: 45331
The number of ratings: 85936
Average actions of users: 30.59
Average actions of items: 1.90
The sparsity of the dataset: 99.932512%

The number of training: 85936
The number of validation: 0
The number of testing: 0
2025-12-20 14:03:55.548: NeuRec:[NeuRec]:
recommender=SGL
dataset=all_data
file_column=UI
sep=','
gpu_id=0
gpu_mem=0.99
metric=["Precision", "Recall", "NDCG"]
top_k=[20]
test_thread=8
test_batch_size=128
seed=2021
start_testing_epoch=0

SGL:[hyperparameters]:
aug_type=ED
reg=1e-4
embed_size=64
n_layers=3
ssl_reg=0.5
ssl_ratio=0.1
ssl_temp=0.2
ssl_mode=both_side
lr=0.001
learner=adam
adj_type=pre
epochs=50
batch_size=2048
num_negatives=1
param_init=xavier_uniform
stddev=0.01
verbose=1
stop_cnt=100
pretrain_flag=0
save_flag=0

Command line:
recommender=SGL
dataset=all_data
aug_type=ED
reg=1e-4
n_layers=3
ssl_reg=0.5
ssl_ratio=0.1
ssl_temp=0.2
2025-12-20 14:03:57.799: [iter 1 : loss = 457446.1250, bpr = 59500.4727, reg = 0.2208, time = 1.5581]
2025-12-20 14:03:59.072: [iter 2 : loss = 453220.0000, bpr = 59461.0781, reg = 0.2398, time = 1.2724]
2025-12-20 14:04:00.348: [iter 3 : loss = 451076.3750, bpr = 59425.4805, reg = 0.2541, time = 1.2752]
2025-12-20 14:04:01.622: [iter 4 : loss = 449935.3125, bpr = 59397.3594, reg = 0.2647, time = 1.2727]
2025-12-20 14:04:02.900: [iter 5 : loss = 448965.5625, bpr = 59372.6484, reg = 0.2734, time = 1.2768]
2025-12-20 14:04:04.234: [iter 6 : loss = 448555.5000, bpr = 59353.4922, reg = 0.2819, time = 1.3333]
2025-12-20 14:04:05.511: [iter 7 : loss = 448179.1875, bpr = 59334.4844, reg = 0.2914, time = 1.2763]
2025-12-20 14:04:06.793: [iter 8 : loss = 447801.9062, bpr = 59315.2109, reg = 0.3023, time = 1.2800]
2025-12-20 14:04:08.072: [iter 9 : loss = 447561.9062, bpr = 59297.1875, reg = 0.3140, time = 1.2782]
2025-12-20 14:04:09.350: [iter 10 : loss = 447486.0000, bpr = 59277.2344, reg = 0.3274, time = 1.2767]
2025-12-20 14:04:10.674: [iter 11 : loss = 447328.5625, bpr = 59260.6641, reg = 0.3398, time = 1.3233]
2025-12-20 14:04:11.943: [iter 12 : loss = 447032.9062, bpr = 59240.9961, reg = 0.3543, time = 1.2685]
2025-12-20 14:04:13.214: [iter 13 : loss = 446928.3438, bpr = 59223.3242, reg = 0.3689, time = 1.2696]
2025-12-20 14:04:14.483: [iter 14 : loss = 446810.5312, bpr = 59202.4531, reg = 0.3853, time = 1.2679]
2025-12-20 14:04:15.755: [iter 15 : loss = 446751.2188, bpr = 59183.2227, reg = 0.4012, time = 1.2711]
2025-12-20 14:04:17.090: [iter 16 : loss = 446704.4375, bpr = 59161.2773, reg = 0.4198, time = 1.3333]
2025-12-20 14:04:18.368: [iter 17 : loss = 446597.2188, bpr = 59135.0078, reg = 0.4389, time = 1.2776]
2025-12-20 14:04:19.648: [iter 18 : loss = 446456.1250, bpr = 59106.5586, reg = 0.4568, time = 1.2791]
2025-12-20 14:04:20.929: [iter 19 : loss = 446407.2812, bpr = 59077.5156, reg = 0.4809, time = 1.2800]
2025-12-20 14:04:22.211: [iter 20 : loss = 446269.6562, bpr = 59038.3477, reg = 0.5065, time = 1.2805]
2025-12-20 14:04:23.548: [iter 21 : loss = 446289.9062, bpr = 59010.6094, reg = 0.5279, time = 1.3362]
2025-12-20 14:04:24.826: [iter 22 : loss = 446288.2500, bpr = 58972.7305, reg = 0.5545, time = 1.2768]
2025-12-20 14:04:26.109: [iter 23 : loss = 446123.9375, bpr = 58924.1523, reg = 0.5860, time = 1.2815]
2025-12-20 14:04:27.393: [iter 24 : loss = 446092.4062, bpr = 58888.4102, reg = 0.6124, time = 1.2830]
2025-12-20 14:04:28.673: [iter 25 : loss = 445899.0938, bpr = 58819.7422, reg = 0.6540, time = 1.2792]
2025-12-20 14:04:30.010: [iter 26 : loss = 445906.9375, bpr = 58785.9883, reg = 0.6815, time = 1.3362]
2025-12-20 14:04:31.291: [iter 27 : loss = 445865.4688, bpr = 58719.2734, reg = 0.7214, time = 1.2803]
2025-12-20 14:04:32.576: [iter 28 : loss = 445618.9375, bpr = 58681.4648, reg = 0.7548, time = 1.2835]
2025-12-20 14:04:33.857: [iter 29 : loss = 445577.7188, bpr = 58595.6289, reg = 0.8014, time = 1.2795]
2025-12-20 14:04:35.137: [iter 30 : loss = 445530.3750, bpr = 58514.9844, reg = 0.8536, time = 1.2797]
2025-12-20 14:04:36.476: [iter 31 : loss = 445558.7812, bpr = 58455.9766, reg = 0.8985, time = 1.3377]
2025-12-20 14:04:37.762: [iter 32 : loss = 445339.4375, bpr = 58344.2891, reg = 0.9608, time = 1.2853]
2025-12-20 14:04:39.045: [iter 33 : loss = 445259.1875, bpr = 58283.6406, reg = 1.0058, time = 1.2815]
2025-12-20 14:04:40.332: [iter 34 : loss = 445106.9062, bpr = 58147.0273, reg = 1.0891, time = 1.2861]
2025-12-20 14:04:41.617: [iter 35 : loss = 445078.0312, bpr = 58055.2305, reg = 1.1528, time = 1.2844]
2025-12-20 14:04:42.963: [iter 36 : loss = 444963.4062, bpr = 57935.8672, reg = 1.2317, time = 1.3444]
2025-12-20 14:04:44.245: [iter 37 : loss = 444843.5938, bpr = 57814.0742, reg = 1.3087, time = 1.2819]
2025-12-20 14:04:45.532: [iter 38 : loss = 444619.3438, bpr = 57629.9531, reg = 1.4287, time = 1.2858]
2025-12-20 14:04:46.819: [iter 39 : loss = 444705.7812, bpr = 57514.1328, reg = 1.5082, time = 1.2858]
2025-12-20 14:04:48.107: [iter 40 : loss = 444367.3438, bpr = 57341.6055, reg = 1.6122, time = 1.2868]
2025-12-20 14:04:49.449: [iter 41 : loss = 444267.3125, bpr = 57122.7617, reg = 1.7643, time = 1.3419]
2025-12-20 14:04:50.734: [iter 42 : loss = 444122.1875, bpr = 56975.4297, reg = 1.8775, time = 1.2836]
2025-12-20 14:04:52.020: [iter 43 : loss = 443816.5312, bpr = 56779.1797, reg = 2.0089, time = 1.2846]
2025-12-20 14:04:53.311: [iter 44 : loss = 443709.6250, bpr = 56548.3242, reg = 2.1560, time = 1.2906]
2025-12-20 14:04:54.594: [iter 45 : loss = 443496.5938, bpr = 56303.7109, reg = 2.3354, time = 1.2818]
2025-12-20 14:04:55.935: [iter 46 : loss = 443259.6250, bpr = 56071.8750, reg = 2.5127, time = 1.3404]
2025-12-20 14:04:57.226: [iter 47 : loss = 443015.9375, bpr = 55751.1797, reg = 2.7217, time = 1.2900]
2025-12-20 14:04:58.515: [iter 48 : loss = 442680.0625, bpr = 55467.9844, reg = 2.9401, time = 1.2881]
2025-12-20 14:04:59.801: [iter 49 : loss = 442436.7500, bpr = 55193.6523, reg = 3.1339, time = 1.2852]
2025-12-20 14:05:01.092: [iter 50 : loss = 442148.3125, bpr = 54861.8867, reg = 3.3815, time = 1.2896]
2025-12-20 14:05:01.092: best_result@epoch 0:

2025-12-20 14:05:01.092: training finished without evaluation
2025-12-20 14:05:01.122: export_final_embeddings done: /mnt/sda1/yuxin/SGL-BiGNAS-new/SGL-Torch/dataset/all_data/pretrain-embeddings/SGL/final/
