2025-12-08 23:31:41.890: my pid: 385992
2025-12-08 23:31:41.890: model: model.general_recommender.SGL
2025-12-08 23:31:41.890: Dataset statistics:
Name: all_data
The number of users: 2809
The number of items: 45331
The number of ratings: 85936
Average actions of users: 30.59
Average actions of items: 1.90
The sparsity of the dataset: 99.932512%

The number of training: 85936
The number of validation: 0
The number of testing: 0
2025-12-08 23:31:41.890: NeuRec:[NeuRec]:
recommender=SGL
dataset=all_data
file_column=UI
sep=','
gpu_id=0
gpu_mem=0.99
metric=["Precision", "Recall", "NDCG"]
top_k=[20]
test_thread=8
test_batch_size=128
seed=2021
start_testing_epoch=0

SGL:[hyperparameters]:
aug_type=ED
reg=1e-4
embed_size=64
n_layers=3
ssl_reg=0.5
ssl_ratio=0.1
ssl_temp=0.2
ssl_mode=both_side
lr=0.001
learner=adam
adj_type=pre
epochs=200
batch_size=2048
num_negatives=1
param_init=xavier_uniform
stddev=0.01
verbose=1
stop_cnt=100
pretrain_flag=0
save_flag=0

Command line:
recommender=SGL
dataset=all_data
aug_type=ED
reg=1e-4
n_layers=3
ssl_reg=0.5
ssl_ratio=0.1
ssl_temp=0.2
2025-12-08 23:31:44.667: [iter 1 : loss = 457504.9062, bpr = 59500.9062, reg = 0.2201, time = 1.8842]
2025-12-08 23:31:46.357: [iter 2 : loss = 453233.8438, bpr = 59462.6523, reg = 0.2370, time = 1.6882]
2025-12-08 23:31:48.021: [iter 3 : loss = 451140.6562, bpr = 59426.9961, reg = 0.2520, time = 1.6628]
2025-12-08 23:31:49.632: [iter 4 : loss = 449984.5000, bpr = 59397.8828, reg = 0.2639, time = 1.6083]
2025-12-08 23:31:51.262: [iter 5 : loss = 449024.4062, bpr = 59372.3672, reg = 0.2741, time = 1.6288]
2025-12-08 23:31:52.826: [iter 6 : loss = 448559.5312, bpr = 59352.2539, reg = 0.2840, time = 1.5623]
2025-12-08 23:31:54.501: [iter 7 : loss = 448204.6562, bpr = 59333.0078, reg = 0.2941, time = 1.6735]
2025-12-08 23:31:56.126: [iter 8 : loss = 447799.7188, bpr = 59313.2109, reg = 0.3055, time = 1.6241]
2025-12-08 23:31:57.676: [iter 9 : loss = 447566.0000, bpr = 59294.3945, reg = 0.3180, time = 1.5485]
2025-12-08 23:31:59.318: [iter 10 : loss = 447500.4062, bpr = 59274.1602, reg = 0.3316, time = 1.6403]
2025-12-08 23:32:00.883: [iter 11 : loss = 447335.3750, bpr = 59257.5039, reg = 0.3447, time = 1.5637]
2025-12-08 23:32:02.516: [iter 12 : loss = 447033.4688, bpr = 59237.6016, reg = 0.3599, time = 1.6313]
2025-12-08 23:32:04.085: [iter 13 : loss = 446942.0625, bpr = 59218.9727, reg = 0.3748, time = 1.5676]
2025-12-08 23:32:05.707: [iter 14 : loss = 446810.0000, bpr = 59197.3359, reg = 0.3915, time = 1.6205]
2025-12-08 23:32:07.344: [iter 15 : loss = 446745.0312, bpr = 59177.0625, reg = 0.4081, time = 1.6351]
2025-12-08 23:32:08.957: [iter 16 : loss = 446704.8125, bpr = 59154.8477, reg = 0.4272, time = 1.6121]
2025-12-08 23:32:10.631: [iter 17 : loss = 446586.3438, bpr = 59127.8281, reg = 0.4466, time = 1.6717]
2025-12-08 23:32:12.240: [iter 18 : loss = 446446.0938, bpr = 59098.5312, reg = 0.4654, time = 1.6077]
2025-12-08 23:32:13.908: [iter 19 : loss = 446389.6562, bpr = 59069.6133, reg = 0.4894, time = 1.6669]
2025-12-08 23:32:15.540: [iter 20 : loss = 446253.5000, bpr = 59030.9180, reg = 0.5153, time = 1.6301]
2025-12-08 23:32:17.156: [iter 21 : loss = 446278.2500, bpr = 59001.1602, reg = 0.5371, time = 1.6148]
2025-12-08 23:32:18.884: [iter 22 : loss = 446295.4688, bpr = 58962.4258, reg = 0.5642, time = 1.7257]
2025-12-08 23:32:20.551: [iter 23 : loss = 446111.5000, bpr = 58913.4727, reg = 0.5964, time = 1.6654]
2025-12-08 23:32:22.307: [iter 24 : loss = 446079.6250, bpr = 58877.3164, reg = 0.6230, time = 1.7543]
2025-12-08 23:32:23.921: [iter 25 : loss = 445882.1250, bpr = 58809.4336, reg = 0.6646, time = 1.6131]
2025-12-08 23:32:25.574: [iter 26 : loss = 445887.7812, bpr = 58775.1211, reg = 0.6927, time = 1.6517]
2025-12-08 23:32:27.257: [iter 27 : loss = 445843.4062, bpr = 58708.8516, reg = 0.7328, time = 1.6817]
2025-12-08 23:32:28.875: [iter 28 : loss = 445606.3125, bpr = 58670.4336, reg = 0.7665, time = 1.6159]
2025-12-08 23:32:30.586: [iter 29 : loss = 445555.5625, bpr = 58584.5508, reg = 0.8141, time = 1.7091]
2025-12-08 23:32:32.211: [iter 30 : loss = 445522.2188, bpr = 58503.8477, reg = 0.8658, time = 1.6233]
2025-12-08 23:32:33.888: [iter 31 : loss = 445538.7188, bpr = 58444.2383, reg = 0.9109, time = 1.6758]
2025-12-08 23:32:35.560: [iter 32 : loss = 445328.8125, bpr = 58335.4727, reg = 0.9723, time = 1.6698]
2025-12-08 23:32:37.157: [iter 33 : loss = 445243.5000, bpr = 58276.5234, reg = 1.0170, time = 1.5957]
2025-12-08 23:32:38.899: [iter 34 : loss = 445090.1875, bpr = 58140.3906, reg = 1.1002, time = 1.7408]
2025-12-08 23:32:40.510: [iter 35 : loss = 445076.2188, bpr = 58050.5508, reg = 1.1625, time = 1.6090]
2025-12-08 23:32:42.208: [iter 36 : loss = 444958.0312, bpr = 57928.7070, reg = 1.2432, time = 1.6963]
2025-12-08 23:32:43.836: [iter 37 : loss = 444832.5938, bpr = 57814.2812, reg = 1.3174, time = 1.6271]
2025-12-08 23:32:45.514: [iter 38 : loss = 444598.0000, bpr = 57623.1758, reg = 1.4364, time = 1.6755]
2025-12-08 23:32:47.190: [iter 39 : loss = 444685.6875, bpr = 57502.0078, reg = 1.5202, time = 1.6753]
2025-12-08 23:32:48.802: [iter 40 : loss = 444341.1875, bpr = 57325.2969, reg = 1.6277, time = 1.6098]
2025-12-08 23:32:50.500: [iter 41 : loss = 444241.2500, bpr = 57104.5156, reg = 1.7765, time = 1.6972]
2025-12-08 23:32:52.111: [iter 42 : loss = 444094.3438, bpr = 56951.2695, reg = 1.8937, time = 1.6088]
2025-12-08 23:32:53.742: [iter 43 : loss = 443789.0938, bpr = 56750.9883, reg = 2.0271, time = 1.6297]
2025-12-08 23:32:55.306: [iter 44 : loss = 443669.0000, bpr = 56509.5352, reg = 2.1796, time = 1.5624]
2025-12-08 23:32:56.935: [iter 45 : loss = 443455.0625, bpr = 56263.3789, reg = 2.3596, time = 1.6276]
2025-12-08 23:32:58.567: [iter 46 : loss = 443195.4688, bpr = 56024.6875, reg = 2.5359, time = 1.6306]
2025-12-08 23:33:00.175: [iter 47 : loss = 442954.4062, bpr = 55691.9062, reg = 2.7556, time = 1.6069]
2025-12-08 23:33:01.880: [iter 48 : loss = 442611.4375, bpr = 55404.2383, reg = 2.9788, time = 1.7034]
2025-12-08 23:33:03.500: [iter 49 : loss = 442375.0938, bpr = 55131.2383, reg = 3.1630, time = 1.6187]
2025-12-08 23:33:05.173: [iter 50 : loss = 442071.6250, bpr = 54785.7266, reg = 3.4243, time = 1.6714]
2025-12-08 23:33:06.790: [iter 51 : loss = 441648.8125, bpr = 54438.3984, reg = 3.6918, time = 1.6157]
2025-12-08 23:33:08.470: [iter 52 : loss = 441388.0625, bpr = 53996.4688, reg = 4.0300, time = 1.6781]
2025-12-08 23:33:10.155: [iter 53 : loss = 440892.7188, bpr = 53541.0938, reg = 4.3841, time = 1.6844]
2025-12-08 23:33:11.779: [iter 54 : loss = 440581.9062, bpr = 53132.1875, reg = 4.7276, time = 1.6215]
2025-12-08 23:33:13.430: [iter 55 : loss = 440136.7188, bpr = 52645.1328, reg = 5.0880, time = 1.6503]
2025-12-08 23:33:14.995: [iter 56 : loss = 439717.0938, bpr = 52133.7695, reg = 5.5200, time = 1.5631]
2025-12-08 23:33:16.667: [iter 57 : loss = 439256.8438, bpr = 51628.1680, reg = 5.9189, time = 1.6707]
2025-12-08 23:33:18.340: [iter 58 : loss = 438601.6250, bpr = 50948.8945, reg = 6.4865, time = 1.6718]
2025-12-08 23:33:19.942: [iter 59 : loss = 438060.2188, bpr = 50362.5195, reg = 6.9999, time = 1.6003]
2025-12-08 23:33:21.619: [iter 60 : loss = 437629.1562, bpr = 49911.8164, reg = 7.4028, time = 1.6764]
2025-12-08 23:33:23.232: [iter 61 : loss = 436900.3125, bpr = 49076.4688, reg = 8.0908, time = 1.6106]
2025-12-08 23:33:24.928: [iter 62 : loss = 436191.6875, bpr = 48366.2188, reg = 8.7264, time = 1.6957]
2025-12-08 23:33:26.481: [iter 63 : loss = 435437.0312, bpr = 47534.8516, reg = 9.4684, time = 1.5516]
2025-12-08 23:33:28.096: [iter 64 : loss = 434724.1562, bpr = 46824.0781, reg = 10.1389, time = 1.6137]
2025-12-08 23:33:29.732: [iter 65 : loss = 433910.9062, bpr = 45938.6562, reg = 10.9644, time = 1.6339]
2025-12-08 23:33:31.286: [iter 66 : loss = 433159.5938, bpr = 45074.8477, reg = 11.8196, time = 1.5526]
2025-12-08 23:33:32.935: [iter 67 : loss = 432220.6562, bpr = 44198.5234, reg = 12.7290, time = 1.6475]
2025-12-08 23:33:34.517: [iter 68 : loss = 431493.5625, bpr = 43359.2383, reg = 13.5823, time = 1.5806]
2025-12-08 23:33:36.176: [iter 69 : loss = 430414.5312, bpr = 42253.4766, reg = 14.7075, time = 1.6576]
2025-12-08 23:33:37.755: [iter 70 : loss = 429478.7500, bpr = 41208.0117, reg = 15.7790, time = 1.5769]
2025-12-08 23:33:39.386: [iter 71 : loss = 428721.6875, bpr = 40242.3594, reg = 16.8852, time = 1.6300]
2025-12-08 23:33:41.025: [iter 72 : loss = 427539.6562, bpr = 39083.7539, reg = 18.2052, time = 1.6375]
2025-12-08 23:33:42.595: [iter 73 : loss = 426501.4375, bpr = 38023.9766, reg = 19.4163, time = 1.5678]
2025-12-08 23:33:44.228: [iter 74 : loss = 425374.6250, bpr = 36913.3086, reg = 20.7972, time = 1.6321]
2025-12-08 23:33:45.800: [iter 75 : loss = 424527.9688, bpr = 35934.7773, reg = 22.1174, time = 1.5696]
2025-12-08 23:33:47.434: [iter 76 : loss = 423468.3750, bpr = 34877.7734, reg = 23.6004, time = 1.6332]
2025-12-08 23:33:49.000: [iter 77 : loss = 422564.8125, bpr = 33836.1289, reg = 24.8877, time = 1.5645]
2025-12-08 23:33:50.636: [iter 78 : loss = 421475.2188, bpr = 32776.6172, reg = 26.4385, time = 1.6344]
2025-12-08 23:33:52.280: [iter 79 : loss = 420363.4688, bpr = 31633.0137, reg = 28.0803, time = 1.6426]
2025-12-08 23:33:53.859: [iter 80 : loss = 419457.1875, bpr = 30566.1680, reg = 29.6896, time = 1.5768]
2025-12-08 23:33:55.500: [iter 81 : loss = 418403.3438, bpr = 29557.8672, reg = 31.3397, time = 1.6398]
2025-12-08 23:33:57.079: [iter 82 : loss = 417561.6875, bpr = 28601.5938, reg = 32.9867, time = 1.5783]
2025-12-08 23:33:58.710: [iter 83 : loss = 416588.2500, bpr = 27651.6875, reg = 34.6535, time = 1.6291]
2025-12-08 23:34:00.341: [iter 84 : loss = 415636.7500, bpr = 26595.8867, reg = 36.4883, time = 1.6295]
2025-12-08 23:34:01.896: [iter 85 : loss = 414615.0938, bpr = 25611.2227, reg = 38.2512, time = 1.5526]
2025-12-08 23:34:03.535: [iter 86 : loss = 413881.5000, bpr = 24724.6367, reg = 40.0230, time = 1.6382]
2025-12-08 23:34:05.114: [iter 87 : loss = 412989.6562, bpr = 23976.5625, reg = 41.7299, time = 1.5774]
2025-12-08 23:34:06.778: [iter 88 : loss = 412251.9375, bpr = 23138.4219, reg = 43.6428, time = 1.6622]
2025-12-08 23:34:08.357: [iter 89 : loss = 411214.4375, bpr = 22169.7656, reg = 45.5160, time = 1.5777]
2025-12-08 23:34:10.035: [iter 90 : loss = 410651.8750, bpr = 21451.7227, reg = 47.3226, time = 1.6769]
2025-12-08 23:34:11.721: [iter 91 : loss = 410052.5938, bpr = 20733.1074, reg = 49.1444, time = 1.6844]
2025-12-08 23:34:13.346: [iter 92 : loss = 409306.0000, bpr = 20025.2441, reg = 50.8793, time = 1.6228]
2025-12-08 23:34:15.053: [iter 93 : loss = 408569.5625, bpr = 19345.8340, reg = 52.8202, time = 1.7059]
2025-12-08 23:34:16.680: [iter 94 : loss = 407981.3750, bpr = 18649.1816, reg = 54.5812, time = 1.6251]
2025-12-08 23:34:18.355: [iter 95 : loss = 407063.0625, bpr = 17817.9844, reg = 56.6571, time = 1.6733]
2025-12-08 23:34:20.044: [iter 96 : loss = 406503.1250, bpr = 17256.3984, reg = 58.4834, time = 1.6875]
2025-12-08 23:34:21.617: [iter 97 : loss = 405940.7188, bpr = 16607.5293, reg = 60.3372, time = 1.5709]
2025-12-08 23:34:23.298: [iter 98 : loss = 405405.8750, bpr = 15994.4805, reg = 62.2772, time = 1.6794]
2025-12-08 23:34:24.923: [iter 99 : loss = 404950.5938, bpr = 15455.3330, reg = 63.8905, time = 1.6243]
2025-12-08 23:34:26.603: [iter 100 : loss = 404164.8750, bpr = 14813.6211, reg = 65.8511, time = 1.6780]
2025-12-08 23:34:28.216: [iter 101 : loss = 403761.5000, bpr = 14330.9619, reg = 67.7250, time = 1.6113]
2025-12-08 23:34:29.916: [iter 102 : loss = 403304.0000, bpr = 13856.8955, reg = 69.5457, time = 1.6994]
2025-12-08 23:34:31.603: [iter 103 : loss = 402652.8750, bpr = 13214.8867, reg = 71.5760, time = 1.6846]
2025-12-08 23:34:33.214: [iter 104 : loss = 402335.7812, bpr = 12713.8877, reg = 73.1772, time = 1.6099]
2025-12-08 23:34:34.878: [iter 105 : loss = 401799.4375, bpr = 12215.4307, reg = 75.1462, time = 1.6624]
2025-12-08 23:34:36.462: [iter 106 : loss = 401408.1562, bpr = 11776.4922, reg = 76.8721, time = 1.5820]
2025-12-08 23:34:38.142: [iter 107 : loss = 400992.3750, bpr = 11351.4033, reg = 78.8160, time = 1.6780]
2025-12-08 23:34:39.786: [iter 108 : loss = 400472.9688, bpr = 10911.3887, reg = 80.5503, time = 1.6423]
2025-12-08 23:34:41.337: [iter 109 : loss = 400148.8125, bpr = 10549.8174, reg = 82.2694, time = 1.5496]
2025-12-08 23:34:43.015: [iter 110 : loss = 399705.1562, bpr = 10125.8809, reg = 84.2722, time = 1.6763]
2025-12-08 23:34:44.625: [iter 111 : loss = 399378.9688, bpr = 9753.2852, reg = 85.8496, time = 1.6085]
2025-12-08 23:34:46.295: [iter 112 : loss = 399026.9688, bpr = 9303.8232, reg = 87.6814, time = 1.6690]
2025-12-08 23:34:47.897: [iter 113 : loss = 398531.4062, bpr = 8939.4531, reg = 89.5446, time = 1.6003]
2025-12-08 23:34:49.552: [iter 114 : loss = 398276.3125, bpr = 8651.7275, reg = 91.1963, time = 1.6536]
2025-12-08 23:34:51.197: [iter 115 : loss = 397891.0000, bpr = 8273.1562, reg = 93.2071, time = 1.6441]
2025-12-08 23:34:52.793: [iter 116 : loss = 397566.2500, bpr = 7989.2690, reg = 94.7202, time = 1.5942]
2025-12-08 23:34:54.446: [iter 117 : loss = 397436.2500, bpr = 7770.0229, reg = 96.3875, time = 1.6525]
2025-12-08 23:34:56.026: [iter 118 : loss = 396980.9062, bpr = 7303.0767, reg = 98.2022, time = 1.5779]
2025-12-08 23:34:57.658: [iter 119 : loss = 396745.8438, bpr = 7101.0049, reg = 99.6828, time = 1.6294]
2025-12-08 23:34:59.225: [iter 120 : loss = 396412.5938, bpr = 6809.8823, reg = 101.5110, time = 1.5656]
2025-12-08 23:35:00.865: [iter 121 : loss = 396251.0625, bpr = 6615.1675, reg = 103.0355, time = 1.6387]
2025-12-08 23:35:02.506: [iter 122 : loss = 395978.5312, bpr = 6312.4238, reg = 104.6590, time = 1.6403]
2025-12-08 23:35:04.071: [iter 123 : loss = 395823.0312, bpr = 6158.5825, reg = 106.1811, time = 1.5633]
2025-12-08 23:35:05.714: [iter 124 : loss = 395549.7500, bpr = 5907.0776, reg = 107.9239, time = 1.6419]
2025-12-08 23:35:07.289: [iter 125 : loss = 395511.0312, bpr = 5756.7749, reg = 109.3981, time = 1.5732]
2025-12-08 23:35:08.923: [iter 126 : loss = 395152.7812, bpr = 5560.1475, reg = 110.8061, time = 1.6329]
2025-12-08 23:35:10.496: [iter 127 : loss = 394947.1562, bpr = 5305.0693, reg = 112.4135, time = 1.5717]
2025-12-08 23:35:12.125: [iter 128 : loss = 394853.7812, bpr = 5149.7305, reg = 113.8092, time = 1.6273]
2025-12-08 23:35:13.747: [iter 129 : loss = 394742.9062, bpr = 5002.0581, reg = 115.2748, time = 1.6207]
2025-12-08 23:35:15.341: [iter 130 : loss = 394502.3438, bpr = 4803.8452, reg = 116.6820, time = 1.5925]
2025-12-08 23:35:17.034: [iter 131 : loss = 394144.2812, bpr = 4592.0063, reg = 118.5598, time = 1.6916]
2025-12-08 23:35:18.612: [iter 132 : loss = 394248.1875, bpr = 4557.6621, reg = 119.7353, time = 1.5764]
2025-12-08 23:35:20.239: [iter 133 : loss = 394145.4062, bpr = 4424.3843, reg = 121.0304, time = 1.6259]
2025-12-08 23:35:21.871: [iter 134 : loss = 393872.4688, bpr = 4267.1777, reg = 122.4391, time = 1.6309]
2025-12-08 23:35:23.422: [iter 135 : loss = 393648.0312, bpr = 4069.3271, reg = 123.6996, time = 1.5492]
2025-12-08 23:35:25.060: [iter 136 : loss = 393724.2500, bpr = 4049.6956, reg = 125.1707, time = 1.6365]
2025-12-08 23:35:26.630: [iter 137 : loss = 393396.4688, bpr = 3839.9507, reg = 126.5506, time = 1.5691]
2025-12-08 23:35:28.262: [iter 138 : loss = 393289.0000, bpr = 3719.7268, reg = 127.8304, time = 1.6302]
2025-12-08 23:35:29.828: [iter 139 : loss = 393255.0312, bpr = 3693.5627, reg = 129.0327, time = 1.5646]
2025-12-08 23:35:31.468: [iter 140 : loss = 393066.7188, bpr = 3556.0156, reg = 130.7024, time = 1.6386]
2025-12-08 23:35:33.109: [iter 141 : loss = 392964.4062, bpr = 3405.5991, reg = 131.7880, time = 1.6398]
2025-12-08 23:35:34.714: [iter 142 : loss = 392902.5625, bpr = 3336.9580, reg = 133.1605, time = 1.6030]
2025-12-08 23:35:36.403: [iter 143 : loss = 392961.8750, bpr = 3299.8687, reg = 134.0870, time = 1.6876]
2025-12-08 23:35:38.027: [iter 144 : loss = 392674.7500, bpr = 3165.5220, reg = 135.6345, time = 1.6218]
2025-12-08 23:35:39.721: [iter 145 : loss = 392503.2500, bpr = 3067.1621, reg = 137.0304, time = 1.6928]
2025-12-08 23:35:41.415: [iter 146 : loss = 392410.5938, bpr = 2975.9172, reg = 138.0598, time = 1.6931]
2025-12-08 23:35:43.156: [iter 147 : loss = 392384.6562, bpr = 2941.0061, reg = 139.5723, time = 1.7390]
2025-12-08 23:35:44.879: [iter 148 : loss = 392356.5312, bpr = 2889.7759, reg = 140.2901, time = 1.7208]
2025-12-08 23:35:46.545: [iter 149 : loss = 392197.0938, bpr = 2776.9482, reg = 141.6801, time = 1.6643]
2025-12-08 23:35:48.199: [iter 150 : loss = 392190.5312, bpr = 2733.4172, reg = 142.8745, time = 1.6527]
2025-12-08 23:35:49.841: [iter 151 : loss = 392063.6250, bpr = 2654.7339, reg = 144.0061, time = 1.6398]
2025-12-08 23:35:51.587: [iter 152 : loss = 391988.5625, bpr = 2559.8992, reg = 145.0870, time = 1.7452]
2025-12-08 23:35:53.213: [iter 153 : loss = 391896.1875, bpr = 2552.3513, reg = 146.1720, time = 1.6234]
2025-12-08 23:35:54.895: [iter 154 : loss = 391939.8750, bpr = 2519.2019, reg = 147.2359, time = 1.6806]
2025-12-08 23:35:56.665: [iter 155 : loss = 391807.7500, bpr = 2439.3862, reg = 148.3652, time = 1.7690]
2025-12-08 23:35:58.333: [iter 156 : loss = 391661.6875, bpr = 2325.0742, reg = 149.5509, time = 1.6662]
2025-12-08 23:35:59.994: [iter 157 : loss = 391710.0312, bpr = 2327.0007, reg = 150.3785, time = 1.6590]
2025-12-08 23:36:01.632: [iter 158 : loss = 391566.3125, bpr = 2244.3508, reg = 151.3631, time = 1.6366]
2025-12-08 23:36:03.333: [iter 159 : loss = 391416.3438, bpr = 2164.4358, reg = 152.4705, time = 1.6989]
2025-12-08 23:36:05.064: [iter 160 : loss = 391360.9688, bpr = 2163.5588, reg = 154.0991, time = 1.7297]
2025-12-08 23:36:06.720: [iter 161 : loss = 391312.3438, bpr = 2081.0081, reg = 154.9001, time = 1.6536]
2025-12-08 23:36:08.430: [iter 162 : loss = 391295.0312, bpr = 2034.4995, reg = 155.7953, time = 1.7083]
2025-12-08 23:36:10.004: [iter 163 : loss = 391302.9062, bpr = 2040.2063, reg = 156.9148, time = 1.5728]
2025-12-08 23:36:11.610: [iter 164 : loss = 391192.7188, bpr = 1974.2180, reg = 158.0867, time = 1.6051]
2025-12-08 23:36:13.207: [iter 165 : loss = 391182.0312, bpr = 1919.1124, reg = 159.0731, time = 1.5955]
2025-12-08 23:36:14.884: [iter 166 : loss = 390992.4062, bpr = 1900.0511, reg = 159.8384, time = 1.6755]
2025-12-08 23:36:16.528: [iter 167 : loss = 391101.7812, bpr = 1870.9844, reg = 160.5533, time = 1.6430]
2025-12-08 23:36:18.106: [iter 168 : loss = 390929.1562, bpr = 1809.5845, reg = 161.7152, time = 1.5760]
2025-12-08 23:36:19.768: [iter 169 : loss = 390930.9375, bpr = 1766.6176, reg = 162.6528, time = 1.6601]
2025-12-08 23:36:21.407: [iter 170 : loss = 390915.9375, bpr = 1760.5029, reg = 163.3871, time = 1.6378]
2025-12-08 23:36:23.061: [iter 171 : loss = 390829.9688, bpr = 1763.5701, reg = 164.7673, time = 1.6511]
2025-12-08 23:36:24.699: [iter 172 : loss = 390802.7188, bpr = 1732.4313, reg = 165.5022, time = 1.6366]
2025-12-08 23:36:26.273: [iter 173 : loss = 390813.0938, bpr = 1672.1542, reg = 166.4111, time = 1.5727]
2025-12-08 23:36:27.905: [iter 174 : loss = 390628.8750, bpr = 1625.9988, reg = 167.5851, time = 1.6307]
2025-12-08 23:36:29.474: [iter 175 : loss = 390767.7188, bpr = 1624.6738, reg = 167.9708, time = 1.5670]
2025-12-08 23:36:31.124: [iter 176 : loss = 390696.4062, bpr = 1574.2024, reg = 169.6476, time = 1.6489]
2025-12-08 23:36:32.693: [iter 177 : loss = 390689.7812, bpr = 1557.0471, reg = 170.1038, time = 1.5668]
2025-12-08 23:36:34.343: [iter 178 : loss = 390459.9688, bpr = 1502.9299, reg = 170.8769, time = 1.6487]
2025-12-08 23:36:35.979: [iter 179 : loss = 390458.6562, bpr = 1479.6653, reg = 172.2025, time = 1.6352]
2025-12-08 23:36:37.548: [iter 180 : loss = 390419.2812, bpr = 1454.4773, reg = 172.9609, time = 1.5666]
2025-12-08 23:36:39.181: [iter 181 : loss = 390462.2500, bpr = 1457.3680, reg = 173.5126, time = 1.6314]
2025-12-08 23:36:40.752: [iter 182 : loss = 390419.7188, bpr = 1413.6210, reg = 174.2560, time = 1.5700]
2025-12-08 23:36:42.403: [iter 183 : loss = 390346.9375, bpr = 1410.0708, reg = 175.0515, time = 1.6488]
2025-12-08 23:36:44.080: [iter 184 : loss = 390279.4688, bpr = 1360.9807, reg = 176.4636, time = 1.6763]
2025-12-08 23:36:45.637: [iter 185 : loss = 390284.5938, bpr = 1339.2180, reg = 176.5838, time = 1.5554]
2025-12-08 23:36:47.279: [iter 186 : loss = 390199.8125, bpr = 1308.5817, reg = 178.1346, time = 1.6393]
2025-12-08 23:36:48.848: [iter 187 : loss = 390109.0312, bpr = 1307.0549, reg = 178.8296, time = 1.5672]
2025-12-08 23:36:50.526: [iter 188 : loss = 390112.4688, bpr = 1274.3550, reg = 179.5238, time = 1.6769]
2025-12-08 23:36:52.108: [iter 189 : loss = 390117.8125, bpr = 1254.8265, reg = 180.4803, time = 1.5801]
2025-12-08 23:36:53.787: [iter 190 : loss = 390103.5938, bpr = 1245.5197, reg = 181.1844, time = 1.6784]
2025-12-08 23:36:55.477: [iter 191 : loss = 389942.3438, bpr = 1187.9058, reg = 181.7744, time = 1.6886]
2025-12-08 23:36:57.094: [iter 192 : loss = 390005.5938, bpr = 1191.9070, reg = 182.9198, time = 1.6149]
2025-12-08 23:36:58.802: [iter 193 : loss = 389884.4688, bpr = 1178.6163, reg = 183.8689, time = 1.7065]
2025-12-08 23:37:00.425: [iter 194 : loss = 389901.4688, bpr = 1144.9274, reg = 184.5366, time = 1.6206]
2025-12-08 23:37:02.121: [iter 195 : loss = 389885.6875, bpr = 1163.9883, reg = 185.2936, time = 1.6950]
2025-12-08 23:37:03.734: [iter 196 : loss = 389879.5312, bpr = 1152.5129, reg = 186.1287, time = 1.6113]
2025-12-08 23:37:05.415: [iter 197 : loss = 389805.8125, bpr = 1103.7307, reg = 186.8279, time = 1.6798]
2025-12-08 23:37:07.101: [iter 198 : loss = 389957.2500, bpr = 1134.1541, reg = 187.7296, time = 1.6843]
2025-12-08 23:37:08.711: [iter 199 : loss = 389737.1250, bpr = 1068.4293, reg = 188.3330, time = 1.6091]
2025-12-08 23:37:10.391: [iter 200 : loss = 389822.0938, bpr = 1076.2295, reg = 188.6777, time = 1.6780]
2025-12-08 23:37:10.391: best_result@epoch 0:

2025-12-08 23:37:10.391: training finished without evaluation
2025-12-08 23:37:10.460: export_final_embeddings done: /mnt/sda1/sherry/BiGNAS/SGL-BiGNAS-new/SGL-Torch/dataset/all_data/pretrain-embeddings/SGL/final/
