2025-12-08 21:18:02.525: my pid: 227286
2025-12-08 21:18:02.525: model: model.general_recommender.SGL
2025-12-08 21:18:02.525: Dataset statistics:
Name: all_data
The number of users: 2809
The number of items: 45331
The number of ratings: 85936
Average actions of users: 30.59
Average actions of items: 1.90
The sparsity of the dataset: 99.932512%

The number of training: 85936
The number of validation: 0
The number of testing: 0
2025-12-08 21:18:02.525: NeuRec:[NeuRec]:
recommender=SGL
dataset=all_data
file_column=UI
sep=','
gpu_id=0
gpu_mem=0.99
metric=["Precision", "Recall", "NDCG"]
top_k=[20]
test_thread=8
test_batch_size=128
seed=2021
start_testing_epoch=0

SGL:[hyperparameters]:
aug_type=ED
reg=1e-4
embed_size=64
n_layers=3
ssl_reg=0.5
ssl_ratio=0.1
ssl_temp=0.2
ssl_mode=both_side
lr=0.001
learner=adam
adj_type=pre
epochs=50
batch_size=2048
num_negatives=1
param_init=xavier_uniform
stddev=0.01
verbose=1
stop_cnt=100
pretrain_flag=0
save_flag=0

Command line:
recommender=SGL
dataset=all_data
aug_type=ED
reg=1e-4
n_layers=3
ssl_reg=0.5
ssl_ratio=0.1
ssl_temp=0.2
2025-12-08 21:18:55.255: [iter 1 : loss = 457217.8125, bpr = 59500.8984, reg = 0.2201, time = 51.9121]
2025-12-08 21:19:46.828: [iter 2 : loss = 452946.5938, bpr = 59462.6445, reg = 0.2370, time = 51.4057]
2025-12-08 21:20:38.407: [iter 3 : loss = 450853.0625, bpr = 59426.9883, reg = 0.2520, time = 51.4107]
2025-12-08 21:21:30.084: [iter 4 : loss = 449697.4375, bpr = 59397.8672, reg = 0.2639, time = 51.5007]
2025-12-08 21:22:21.782: [iter 5 : loss = 448736.7812, bpr = 59372.3398, reg = 0.2742, time = 51.5348]
2025-12-08 21:23:13.437: [iter 6 : loss = 448271.3125, bpr = 59352.2109, reg = 0.2840, time = 51.4934]
2025-12-08 21:24:05.037: [iter 7 : loss = 447917.2812, bpr = 59332.9609, reg = 0.2942, time = 51.4400]
2025-12-08 21:24:56.727: [iter 8 : loss = 447512.0625, bpr = 59313.1523, reg = 0.3056, time = 51.5257]
2025-12-08 21:25:48.362: [iter 9 : loss = 447278.3438, bpr = 59294.3438, reg = 0.3181, time = 51.4742]
2025-12-08 21:26:40.059: [iter 10 : loss = 447212.5312, bpr = 59274.1172, reg = 0.3317, time = 51.5352]
2025-12-08 21:27:31.724: [iter 11 : loss = 447047.2500, bpr = 59257.4375, reg = 0.3448, time = 51.5057]
2025-12-08 21:28:23.435: [iter 12 : loss = 446745.5625, bpr = 59237.5469, reg = 0.3600, time = 51.5496]
2025-12-08 21:29:15.104: [iter 13 : loss = 446653.7500, bpr = 59218.9180, reg = 0.3749, time = 51.5002]
2025-12-08 21:30:06.800: [iter 14 : loss = 446521.6250, bpr = 59197.2695, reg = 0.3916, time = 51.5337]
2025-12-08 21:30:58.495: [iter 15 : loss = 446456.1562, bpr = 59176.9727, reg = 0.4082, time = 51.5330]
2025-12-08 21:31:50.214: [iter 16 : loss = 446416.1562, bpr = 59154.7656, reg = 0.4274, time = 51.5527]
2025-12-08 21:32:41.886: [iter 17 : loss = 446297.6562, bpr = 59127.7461, reg = 0.4467, time = 51.5127]
2025-12-08 21:33:33.602: [iter 18 : loss = 446157.6562, bpr = 59098.4609, reg = 0.4656, time = 51.5570]
2025-12-08 21:34:25.284: [iter 19 : loss = 446100.7812, bpr = 59069.5195, reg = 0.4895, time = 51.5214]
2025-12-08 21:35:17.053: [iter 20 : loss = 445964.5625, bpr = 59030.8359, reg = 0.5154, time = 51.6020]
2025-12-08 21:36:08.779: [iter 21 : loss = 445989.5000, bpr = 59001.0664, reg = 0.5372, time = 51.5645]
2025-12-08 21:37:00.543: [iter 22 : loss = 446006.7188, bpr = 58962.3320, reg = 0.5644, time = 51.5982]
2025-12-08 21:37:52.284: [iter 23 : loss = 445822.0312, bpr = 58913.3516, reg = 0.5966, time = 51.5763]
2025-12-08 21:38:44.112: [iter 24 : loss = 445790.7188, bpr = 58877.1914, reg = 0.6232, time = 51.6679]
2025-12-08 21:39:35.834: [iter 25 : loss = 445592.5312, bpr = 58809.2969, reg = 0.6647, time = 51.5554]
2025-12-08 21:40:27.562: [iter 26 : loss = 445598.5000, bpr = 58774.9688, reg = 0.6929, time = 51.5686]
2025-12-08 21:41:19.240: [iter 27 : loss = 445553.7188, bpr = 58708.7500, reg = 0.7329, time = 51.5179]
2025-12-08 21:42:11.019: [iter 28 : loss = 445317.1875, bpr = 58670.2617, reg = 0.7667, time = 51.6150]
2025-12-08 21:43:02.727: [iter 29 : loss = 445266.6562, bpr = 58584.4180, reg = 0.8143, time = 51.5463]
2025-12-08 21:43:54.488: [iter 30 : loss = 445232.7500, bpr = 58503.7461, reg = 0.8660, time = 51.6006]
2025-12-08 21:44:46.176: [iter 31 : loss = 445249.0625, bpr = 58444.1406, reg = 0.9111, time = 51.5258]
2025-12-08 21:45:37.535: [iter 32 : loss = 445039.3438, bpr = 58335.4102, reg = 0.9725, time = 51.1979]
2025-12-08 21:46:29.215: [iter 33 : loss = 444954.0312, bpr = 58276.3984, reg = 1.0173, time = 51.5215]
2025-12-08 21:47:20.915: [iter 34 : loss = 444801.4375, bpr = 58140.2617, reg = 1.1005, time = 51.5390]
2025-12-08 21:48:12.578: [iter 35 : loss = 444786.5938, bpr = 58050.4180, reg = 1.1627, time = 51.5021]
2025-12-08 21:49:04.346: [iter 36 : loss = 444668.4062, bpr = 57928.4844, reg = 1.2436, time = 51.6094]
2025-12-08 21:49:56.055: [iter 37 : loss = 444543.0625, bpr = 57814.2109, reg = 1.3176, time = 51.5482]
2025-12-08 21:50:47.796: [iter 38 : loss = 444308.9688, bpr = 57623.0156, reg = 1.4367, time = 51.5807]
2025-12-08 21:51:39.474: [iter 39 : loss = 444395.8438, bpr = 57501.7422, reg = 1.5206, time = 51.5145]
2025-12-08 21:52:31.202: [iter 40 : loss = 444051.1875, bpr = 57325.1289, reg = 1.6280, time = 51.5656]
2025-12-08 21:53:22.647: [iter 41 : loss = 443951.6250, bpr = 57104.2734, reg = 1.7769, time = 51.2782]
2025-12-08 21:54:14.236: [iter 42 : loss = 443804.7188, bpr = 56951.1055, reg = 1.8940, time = 51.4297]
2025-12-08 21:55:05.740: [iter 43 : loss = 443499.8750, bpr = 56751.0781, reg = 2.0273, time = 51.3416]
2025-12-08 21:55:57.305: [iter 44 : loss = 443379.6250, bpr = 56509.3906, reg = 2.1799, time = 51.4064]
2025-12-08 21:56:48.819: [iter 45 : loss = 443165.8750, bpr = 56263.4023, reg = 2.3599, time = 51.3561]
2025-12-08 21:57:40.362: [iter 46 : loss = 442906.1875, bpr = 56024.8477, reg = 2.5362, time = 51.3820]
2025-12-08 21:58:31.853: [iter 47 : loss = 442665.1875, bpr = 55692.1875, reg = 2.7559, time = 51.3295]
2025-12-08 21:59:23.363: [iter 48 : loss = 442322.5312, bpr = 55404.6133, reg = 2.9791, time = 51.3472]
2025-12-08 22:00:14.482: [iter 49 : loss = 442086.3125, bpr = 55131.8555, reg = 3.1631, time = 50.9579]
2025-12-08 22:01:05.972: [iter 50 : loss = 441781.7500, bpr = 54786.1680, reg = 3.4244, time = 51.3343]
2025-12-08 22:01:05.973: best_result@epoch 0:

2025-12-08 22:01:05.973: training finished without evaluation
2025-12-08 22:01:06.028: export_final_embeddings done: /mnt/sda1/sherry/BiGNAS/SGL-BiGNAS-new/SGL-Torch/dataset/all_data/pretrain-embeddings/SGL/final/
